This file contains any messages produced by compilers while
running configure, to aid debugging if configure makes a mistake.

It was created by graph-tool configure 2.2.44, which was
generated by GNU Autoconf 2.69.  Invocation command line was

  $ ./configure 

## --------- ##
## Platform. ##
## --------- ##

hostname = JKetos-MacBook-Pro.local
uname -m = x86_64
uname -r = 14.4.0
uname -s = Darwin
uname -v = Darwin Kernel Version 14.4.0: Thu May 28 11:35:04 PDT 2015; root:xnu-2782.30.5~1/RELEASE_X86_64

/usr/bin/uname -p = i386
/bin/uname -X     = unknown

/bin/arch              = unknown
/usr/bin/arch -k       = unknown
/usr/convex/getsysinfo = unknown
/usr/bin/hostinfo      = Mach kernel version:
	 Darwin Kernel Version 14.4.0: Thu May 28 11:35:04 PDT 2015; root:xnu-2782.30.5~1/RELEASE_X86_64
Kernel configured for up to 4 processors.
2 processors are physically available.
4 processors are logically available.
Processor type: i486 (Intel 80486)
Processors active: 0 1 2 3
Primary memory available: 16.00 gigabytes
Default processor set: 293 tasks, 1564 threads, 4 processors
Load average: 6.64, Mach factor: 0.43
/bin/machine           = unknown
/usr/bin/oslevel       = unknown
/bin/universe          = unknown

PATH: /Users/JKeto/Documents/Development/fufuka/microblog/flask/venv/bin
PATH: /usr/local/bin
PATH: /Library/Java/JavaVirtualMachines/jdk1.8.0_45.jdk/Contents/Home
PATH: /Library/Java/JavaVirtualMachines/jdk1.8.0_45.jdk/Contents/Home/bin
PATH: /Users/JKeto/m6dev_runtime/src/main/runtime/programs/apache-maven-2.2.1/bin
PATH: /Users/JKeto/m6dev_runtime/src/main/runtime/bin
PATH: /usr/local/bin
PATH: /usr/bin
PATH: /bin
PATH: /usr/sbin
PATH: /sbin


## ----------- ##
## Core tests. ##
## ----------- ##

configure:2692: checking for a BSD-compatible install
configure:2760: result: /usr/bin/install -c
configure:2771: checking whether build environment is sane
configure:2826: result: yes
configure:2977: checking for a thread-safe mkdir -p
configure:3016: result: ./install-sh -c -d
configure:3023: checking for gawk
configure:3053: result: no
configure:3023: checking for mawk
configure:3053: result: no
configure:3023: checking for nawk
configure:3053: result: no
configure:3023: checking for awk
configure:3039: found /usr/bin/awk
configure:3050: result: awk
configure:3061: checking whether make sets $(MAKE)
configure:3083: result: yes
configure:3112: checking whether make supports nested variables
configure:3129: result: yes
configure:3266: checking whether make supports nested variables
configure:3283: result: yes
configure:3306: checking for style of include used by make
configure:3334: result: GNU
configure:3405: checking for gcc
configure:3421: found /usr/bin/gcc
configure:3432: result: gcc
configure:3661: checking for C compiler version
configure:3670: gcc --version >&5
Apple LLVM version 6.1.0 (clang-602.0.53) (based on LLVM 3.6.0svn)
Target: x86_64-apple-darwin14.4.0
Thread model: posix
Configured with: --prefix=/Applications/Xcode.app/Contents/Developer/usr --with-gxx-include-dir=/usr/include/c++/4.2.1
configure:3681: $? = 0
configure:3670: gcc -v >&5
Configured with: --prefix=/Applications/Xcode.app/Contents/Developer/usr --with-gxx-include-dir=/usr/include/c++/4.2.1
Apple LLVM version 6.1.0 (clang-602.0.53) (based on LLVM 3.6.0svn)
Target: x86_64-apple-darwin14.4.0
Thread model: posix
configure:3681: $? = 0
configure:3670: gcc -V >&5
clang: error: argument to '-V' is missing (expected 1 value)
clang: error: no input files
configure:3681: $? = 1
configure:3670: gcc -qversion >&5
clang: error: unknown argument: '-qversion'
clang: error: no input files
configure:3681: $? = 1
configure:3701: checking whether the C compiler works
configure:3723: gcc    conftest.c  >&5
configure:3727: $? = 0
configure:3775: result: yes
configure:3778: checking for C compiler default output file name
configure:3780: result: a.out
configure:3786: checking for suffix of executables
configure:3793: gcc -o conftest    conftest.c  >&5
configure:3797: $? = 0
configure:3819: result: 
configure:3841: checking whether we are cross compiling
configure:3849: gcc -o conftest    conftest.c  >&5
configure:3853: $? = 0
configure:3860: ./conftest
configure:3864: $? = 0
configure:3879: result: no
configure:3884: checking for suffix of object files
configure:3906: gcc -c   conftest.c >&5
configure:3910: $? = 0
configure:3931: result: o
configure:3935: checking whether we are using the GNU C compiler
configure:3954: gcc -c   conftest.c >&5
configure:3954: $? = 0
configure:3963: result: yes
configure:3972: checking whether gcc accepts -g
configure:3992: gcc -c -g  conftest.c >&5
configure:3992: $? = 0
configure:4033: result: yes
configure:4050: checking for gcc option to accept ISO C89
configure:4113: gcc  -c -g -O2  conftest.c >&5
configure:4113: $? = 0
configure:4126: result: none needed
configure:4151: checking whether gcc understands -c and -o together
configure:4173: gcc -c conftest.c -o conftest2.o
configure:4176: $? = 0
configure:4173: gcc -c conftest.c -o conftest2.o
configure:4176: $? = 0
configure:4188: result: yes
configure:4207: checking dependency style of gcc
configure:4318: result: gcc3
configure:4339: checking for library containing strerror
configure:4370: gcc -o conftest -g -O2   conftest.c  >&5
conftest.c:18:6: warning: incompatible redeclaration of library function 'strerror' [-Wincompatible-library-redeclaration]
char strerror ();
     ^
conftest.c:18:6: note: 'strerror' is a builtin with type 'char *(int)'
1 warning generated.
configure:4370: $? = 0
configure:4387: result: none required
configure:4402: checking how to run the C preprocessor
configure:4433: gcc -E  conftest.c
configure:4433: $? = 0
configure:4447: gcc -E  conftest.c
conftest.c:11:10: fatal error: 'ac_nonexistent.h' file not found
#include <ac_nonexistent.h>
         ^
1 error generated.
configure:4447: $? = 1
configure: failed program was:
| /* confdefs.h */
| #define PACKAGE_NAME "graph-tool"
| #define PACKAGE_TARNAME "graph-tool"
| #define PACKAGE_VERSION "2.2.44"
| #define PACKAGE_STRING "graph-tool 2.2.44"
| #define PACKAGE_BUGREPORT "http://graph-tool.skewed.de/tickets"
| #define PACKAGE_URL "http://graph-tool.skewed.de"
| #define PACKAGE "graph-tool"
| #define VERSION "2.2.44"
| /* end confdefs.h.  */
| #include <ac_nonexistent.h>
configure:4472: result: gcc -E
configure:4492: gcc -E  conftest.c
configure:4492: $? = 0
configure:4506: gcc -E  conftest.c
conftest.c:11:10: fatal error: 'ac_nonexistent.h' file not found
#include <ac_nonexistent.h>
         ^
1 error generated.
configure:4506: $? = 1
configure: failed program was:
| /* confdefs.h */
| #define PACKAGE_NAME "graph-tool"
| #define PACKAGE_TARNAME "graph-tool"
| #define PACKAGE_VERSION "2.2.44"
| #define PACKAGE_STRING "graph-tool 2.2.44"
| #define PACKAGE_BUGREPORT "http://graph-tool.skewed.de/tickets"
| #define PACKAGE_URL "http://graph-tool.skewed.de"
| #define PACKAGE "graph-tool"
| #define VERSION "2.2.44"
| /* end confdefs.h.  */
| #include <ac_nonexistent.h>
configure:4535: checking for grep that handles long lines and -e
configure:4593: result: /usr/bin/grep
configure:4598: checking for egrep
configure:4660: result: /usr/bin/grep -E
configure:4665: checking for ANSI C header files
configure:4685: gcc -c -g -O2  conftest.c >&5
configure:4685: $? = 0
configure:4758: gcc -o conftest -g -O2   conftest.c  >&5
configure:4758: $? = 0
configure:4758: ./conftest
configure:4758: $? = 0
configure:4769: result: yes
configure:4782: checking for sys/types.h
configure:4782: gcc -c -g -O2  conftest.c >&5
configure:4782: $? = 0
configure:4782: result: yes
configure:4782: checking for sys/stat.h
configure:4782: gcc -c -g -O2  conftest.c >&5
configure:4782: $? = 0
configure:4782: result: yes
configure:4782: checking for stdlib.h
configure:4782: gcc -c -g -O2  conftest.c >&5
configure:4782: $? = 0
configure:4782: result: yes
configure:4782: checking for string.h
configure:4782: gcc -c -g -O2  conftest.c >&5
configure:4782: $? = 0
configure:4782: result: yes
configure:4782: checking for memory.h
configure:4782: gcc -c -g -O2  conftest.c >&5
configure:4782: $? = 0
configure:4782: result: yes
configure:4782: checking for strings.h
configure:4782: gcc -c -g -O2  conftest.c >&5
configure:4782: $? = 0
configure:4782: result: yes
configure:4782: checking for inttypes.h
configure:4782: gcc -c -g -O2  conftest.c >&5
configure:4782: $? = 0
configure:4782: result: yes
configure:4782: checking for stdint.h
configure:4782: gcc -c -g -O2  conftest.c >&5
configure:4782: $? = 0
configure:4782: result: yes
configure:4782: checking for unistd.h
configure:4782: gcc -c -g -O2  conftest.c >&5
configure:4782: $? = 0
configure:4782: result: yes
configure:4795: checking minix/config.h usability
configure:4795: gcc -c -g -O2  conftest.c >&5
conftest.c:54:10: fatal error: 'minix/config.h' file not found
#include <minix/config.h>
         ^
1 error generated.
configure:4795: $? = 1
configure: failed program was:
| /* confdefs.h */
| #define PACKAGE_NAME "graph-tool"
| #define PACKAGE_TARNAME "graph-tool"
| #define PACKAGE_VERSION "2.2.44"
| #define PACKAGE_STRING "graph-tool 2.2.44"
| #define PACKAGE_BUGREPORT "http://graph-tool.skewed.de/tickets"
| #define PACKAGE_URL "http://graph-tool.skewed.de"
| #define PACKAGE "graph-tool"
| #define VERSION "2.2.44"
| #define STDC_HEADERS 1
| #define HAVE_SYS_TYPES_H 1
| #define HAVE_SYS_STAT_H 1
| #define HAVE_STDLIB_H 1
| #define HAVE_STRING_H 1
| #define HAVE_MEMORY_H 1
| #define HAVE_STRINGS_H 1
| #define HAVE_INTTYPES_H 1
| #define HAVE_STDINT_H 1
| #define HAVE_UNISTD_H 1
| /* end confdefs.h.  */
| #include <stdio.h>
| #ifdef HAVE_SYS_TYPES_H
| # include <sys/types.h>
| #endif
| #ifdef HAVE_SYS_STAT_H
| # include <sys/stat.h>
| #endif
| #ifdef STDC_HEADERS
| # include <stdlib.h>
| # include <stddef.h>
| #else
| # ifdef HAVE_STDLIB_H
| #  include <stdlib.h>
| # endif
| #endif
| #ifdef HAVE_STRING_H
| # if !defined STDC_HEADERS && defined HAVE_MEMORY_H
| #  include <memory.h>
| # endif
| # include <string.h>
| #endif
| #ifdef HAVE_STRINGS_H
| # include <strings.h>
| #endif
| #ifdef HAVE_INTTYPES_H
| # include <inttypes.h>
| #endif
| #ifdef HAVE_STDINT_H
| # include <stdint.h>
| #endif
| #ifdef HAVE_UNISTD_H
| # include <unistd.h>
| #endif
| #include <minix/config.h>
configure:4795: result: no
configure:4795: checking minix/config.h presence
configure:4795: gcc -E  conftest.c
conftest.c:21:10: fatal error: 'minix/config.h' file not found
#include <minix/config.h>
         ^
1 error generated.
configure:4795: $? = 1
configure: failed program was:
| /* confdefs.h */
| #define PACKAGE_NAME "graph-tool"
| #define PACKAGE_TARNAME "graph-tool"
| #define PACKAGE_VERSION "2.2.44"
| #define PACKAGE_STRING "graph-tool 2.2.44"
| #define PACKAGE_BUGREPORT "http://graph-tool.skewed.de/tickets"
| #define PACKAGE_URL "http://graph-tool.skewed.de"
| #define PACKAGE "graph-tool"
| #define VERSION "2.2.44"
| #define STDC_HEADERS 1
| #define HAVE_SYS_TYPES_H 1
| #define HAVE_SYS_STAT_H 1
| #define HAVE_STDLIB_H 1
| #define HAVE_STRING_H 1
| #define HAVE_MEMORY_H 1
| #define HAVE_STRINGS_H 1
| #define HAVE_INTTYPES_H 1
| #define HAVE_STDINT_H 1
| #define HAVE_UNISTD_H 1
| /* end confdefs.h.  */
| #include <minix/config.h>
configure:4795: result: no
configure:4795: checking for minix/config.h
configure:4795: result: no
configure:4816: checking whether it is safe to define __EXTENSIONS__
configure:4834: gcc -c -g -O2  conftest.c >&5
configure:4834: $? = 0
configure:4841: result: yes
configure:4913: checking for g++
configure:4929: found /usr/bin/g++
configure:4940: result: g++
configure:4967: checking for C++ compiler version
configure:4976: g++ --version >&5
Apple LLVM version 6.1.0 (clang-602.0.53) (based on LLVM 3.6.0svn)
Target: x86_64-apple-darwin14.4.0
Thread model: posix
Configured with: --prefix=/Applications/Xcode.app/Contents/Developer/usr --with-gxx-include-dir=/usr/include/c++/4.2.1
configure:4987: $? = 0
configure:4976: g++ -v >&5
Configured with: --prefix=/Applications/Xcode.app/Contents/Developer/usr --with-gxx-include-dir=/usr/include/c++/4.2.1
Apple LLVM version 6.1.0 (clang-602.0.53) (based on LLVM 3.6.0svn)
Target: x86_64-apple-darwin14.4.0
Thread model: posix
configure:4987: $? = 0
configure:4976: g++ -V >&5
clang: error: argument to '-V' is missing (expected 1 value)
clang: error: no input files
configure:4987: $? = 1
configure:4976: g++ -qversion >&5
clang: error: unknown argument: '-qversion'
clang: error: no input files
configure:4987: $? = 1
configure:4991: checking whether we are using the GNU C++ compiler
configure:5010: g++ -c   conftest.cpp >&5
configure:5010: $? = 0
configure:5019: result: yes
configure:5028: checking whether g++ accepts -g
configure:5048: g++ -c -g  conftest.cpp >&5
configure:5048: $? = 0
configure:5089: result: yes
configure:5114: checking dependency style of g++
configure:5225: result: gcc3
configure:5250: checking for gcc option to accept ISO C99
configure:5399: g++ -c   conftest.cpp >&5
conftest.cpp:76:29: error: expected ')'
test_restrict (ccp restrict text)
                            ^
conftest.cpp:76:15: note: to match this '('
test_restrict (ccp restrict text)
              ^
conftest.cpp:81:30: error: use of undeclared identifier 'text'
  for (unsigned int i = 0; *(text+i) != '\0'; ++i)
                             ^
conftest.cpp:130:17: error: expected ';' at end of declaration
  char *restrict newvar = "Another string";
                ^
                ;
conftest.cpp:137:28: error: cannot initialize a variable of type 'struct incomplete_array *' with an rvalue of type 'void *'
  struct incomplete_array *ia =
                           ^
conftest.cpp:156:59: error: use of undeclared identifier 'newvar'
  return (!success || bignum == 0LL || ubignum == 0uLL || newvar[0] == 'x'
                                                          ^
5 errors generated.
configure:5399: $? = 1
configure: failed program was:
| /* confdefs.h */
| #define PACKAGE_NAME "graph-tool"
| #define PACKAGE_TARNAME "graph-tool"
| #define PACKAGE_VERSION "2.2.44"
| #define PACKAGE_STRING "graph-tool 2.2.44"
| #define PACKAGE_BUGREPORT "http://graph-tool.skewed.de/tickets"
| #define PACKAGE_URL "http://graph-tool.skewed.de"
| #define PACKAGE "graph-tool"
| #define VERSION "2.2.44"
| #define STDC_HEADERS 1
| #define HAVE_SYS_TYPES_H 1
| #define HAVE_SYS_STAT_H 1
| #define HAVE_STDLIB_H 1
| #define HAVE_STRING_H 1
| #define HAVE_MEMORY_H 1
| #define HAVE_STRINGS_H 1
| #define HAVE_INTTYPES_H 1
| #define HAVE_STDINT_H 1
| #define HAVE_UNISTD_H 1
| #define __EXTENSIONS__ 1
| #define _ALL_SOURCE 1
| #define _GNU_SOURCE 1
| #define _POSIX_PTHREAD_SEMANTICS 1
| #define _TANDEM_SOURCE 1
| /* end confdefs.h.  */
| #include <stdarg.h>
| #include <stdbool.h>
| #include <stdlib.h>
| #include <wchar.h>
| #include <stdio.h>
| 
| // Check varargs macros.  These examples are taken from C99 6.10.3.5.
| #define debug(...) fprintf (stderr, __VA_ARGS__)
| #define showlist(...) puts (#__VA_ARGS__)
| #define report(test,...) ((test) ? puts (#test) : printf (__VA_ARGS__))
| static void
| test_varargs_macros (void)
| {
|   int x = 1234;
|   int y = 5678;
|   debug ("Flag");
|   debug ("X = %d\n", x);
|   showlist (The first, second, and third items.);
|   report (x>y, "x is %d but y is %d", x, y);
| }
| 
| // Check long long types.
| #define BIG64 18446744073709551615ull
| #define BIG32 4294967295ul
| #define BIG_OK (BIG64 / BIG32 == 4294967297ull && BIG64 % BIG32 == 0)
| #if !BIG_OK
|   your preprocessor is broken;
| #endif
| #if BIG_OK
| #else
|   your preprocessor is broken;
| #endif
| static long long int bignum = -9223372036854775807LL;
| static unsigned long long int ubignum = BIG64;
| 
| struct incomplete_array
| {
|   int datasize;
|   double data[];
| };
| 
| struct named_init {
|   int number;
|   const wchar_t *name;
|   double average;
| };
| 
| typedef const char *ccp;
| 
| static inline int
| test_restrict (ccp restrict text)
| {
|   // See if C++-style comments work.
|   // Iterate through items via the restricted pointer.
|   // Also check for declarations in for loops.
|   for (unsigned int i = 0; *(text+i) != '\0'; ++i)
|     continue;
|   return 0;
| }
| 
| // Check varargs and va_copy.
| static void
| test_varargs (const char *format, ...)
| {
|   va_list args;
|   va_start (args, format);
|   va_list args_copy;
|   va_copy (args_copy, args);
| 
|   const char *str;
|   int number;
|   float fnumber;
| 
|   while (*format)
|     {
|       switch (*format++)
| 	{
| 	case 's': // string
| 	  str = va_arg (args_copy, const char *);
| 	  break;
| 	case 'd': // int
| 	  number = va_arg (args_copy, int);
| 	  break;
| 	case 'f': // float
| 	  fnumber = va_arg (args_copy, double);
| 	  break;
| 	default:
| 	  break;
| 	}
|     }
|   va_end (args_copy);
|   va_end (args);
| }
| 
| int
| main ()
| {
| 
|   // Check bool.
|   _Bool success = false;
| 
|   // Check restrict.
|   if (test_restrict ("String literal") == 0)
|     success = true;
|   char *restrict newvar = "Another string";
| 
|   // Check varargs.
|   test_varargs ("s, d' f .", "string", 65, 34.234);
|   test_varargs_macros ();
| 
|   // Check flexible array members.
|   struct incomplete_array *ia =
|     malloc (sizeof (struct incomplete_array) + (sizeof (double) * 10));
|   ia->datasize = 10;
|   for (int i = 0; i < ia->datasize; ++i)
|     ia->data[i] = i * 1.234;
| 
|   // Check named initializers.
|   struct named_init ni = {
|     .number = 34,
|     .name = L"Test wide string",
|     .average = 543.34343,
|   };
| 
|   ni.number = 58;
| 
|   int dynamic_array[ni.number];
|   dynamic_array[ni.number - 1] = 543;
| 
|   // work around unused variable warnings
|   return (!success || bignum == 0LL || ubignum == 0uLL || newvar[0] == 'x'
| 	  || dynamic_array[ni.number - 1] != 543);
| 
|   ;
|   return 0;
| }
configure:5399: g++ -c   conftest.cpp >&5
conftest.cpp:76:29: error: expected ')'
test_restrict (ccp restrict text)
                            ^
conftest.cpp:76:15: note: to match this '('
test_restrict (ccp restrict text)
              ^
conftest.cpp:81:30: error: use of undeclared identifier 'text'
  for (unsigned int i = 0; *(text+i) != '\0'; ++i)
                             ^
conftest.cpp:130:17: error: expected ';' at end of declaration
  char *restrict newvar = "Another string";
                ^
                ;
conftest.cpp:137:28: error: cannot initialize a variable of type 'struct incomplete_array *' with an rvalue of type 'void *'
  struct incomplete_array *ia =
                           ^
conftest.cpp:156:59: error: use of undeclared identifier 'newvar'
  return (!success || bignum == 0LL || ubignum == 0uLL || newvar[0] == 'x'
                                                          ^
5 errors generated.
configure:5399: $? = 1
configure: failed program was:
| /* confdefs.h */
| #define PACKAGE_NAME "graph-tool"
| #define PACKAGE_TARNAME "graph-tool"
| #define PACKAGE_VERSION "2.2.44"
| #define PACKAGE_STRING "graph-tool 2.2.44"
| #define PACKAGE_BUGREPORT "http://graph-tool.skewed.de/tickets"
| #define PACKAGE_URL "http://graph-tool.skewed.de"
| #define PACKAGE "graph-tool"
| #define VERSION "2.2.44"
| #define STDC_HEADERS 1
| #define HAVE_SYS_TYPES_H 1
| #define HAVE_SYS_STAT_H 1
| #define HAVE_STDLIB_H 1
| #define HAVE_STRING_H 1
| #define HAVE_MEMORY_H 1
| #define HAVE_STRINGS_H 1
| #define HAVE_INTTYPES_H 1
| #define HAVE_STDINT_H 1
| #define HAVE_UNISTD_H 1
| #define __EXTENSIONS__ 1
| #define _ALL_SOURCE 1
| #define _GNU_SOURCE 1
| #define _POSIX_PTHREAD_SEMANTICS 1
| #define _TANDEM_SOURCE 1
| /* end confdefs.h.  */
| #include <stdarg.h>
| #include <stdbool.h>
| #include <stdlib.h>
| #include <wchar.h>
| #include <stdio.h>
| 
| // Check varargs macros.  These examples are taken from C99 6.10.3.5.
| #define debug(...) fprintf (stderr, __VA_ARGS__)
| #define showlist(...) puts (#__VA_ARGS__)
| #define report(test,...) ((test) ? puts (#test) : printf (__VA_ARGS__))
| static void
| test_varargs_macros (void)
| {
|   int x = 1234;
|   int y = 5678;
|   debug ("Flag");
|   debug ("X = %d\n", x);
|   showlist (The first, second, and third items.);
|   report (x>y, "x is %d but y is %d", x, y);
| }
| 
| // Check long long types.
| #define BIG64 18446744073709551615ull
| #define BIG32 4294967295ul
| #define BIG_OK (BIG64 / BIG32 == 4294967297ull && BIG64 % BIG32 == 0)
| #if !BIG_OK
|   your preprocessor is broken;
| #endif
| #if BIG_OK
| #else
|   your preprocessor is broken;
| #endif
| static long long int bignum = -9223372036854775807LL;
| static unsigned long long int ubignum = BIG64;
| 
| struct incomplete_array
| {
|   int datasize;
|   double data[];
| };
| 
| struct named_init {
|   int number;
|   const wchar_t *name;
|   double average;
| };
| 
| typedef const char *ccp;
| 
| static inline int
| test_restrict (ccp restrict text)
| {
|   // See if C++-style comments work.
|   // Iterate through items via the restricted pointer.
|   // Also check for declarations in for loops.
|   for (unsigned int i = 0; *(text+i) != '\0'; ++i)
|     continue;
|   return 0;
| }
| 
| // Check varargs and va_copy.
| static void
| test_varargs (const char *format, ...)
| {
|   va_list args;
|   va_start (args, format);
|   va_list args_copy;
|   va_copy (args_copy, args);
| 
|   const char *str;
|   int number;
|   float fnumber;
| 
|   while (*format)
|     {
|       switch (*format++)
| 	{
| 	case 's': // string
| 	  str = va_arg (args_copy, const char *);
| 	  break;
| 	case 'd': // int
| 	  number = va_arg (args_copy, int);
| 	  break;
| 	case 'f': // float
| 	  fnumber = va_arg (args_copy, double);
| 	  break;
| 	default:
| 	  break;
| 	}
|     }
|   va_end (args_copy);
|   va_end (args);
| }
| 
| int
| main ()
| {
| 
|   // Check bool.
|   _Bool success = false;
| 
|   // Check restrict.
|   if (test_restrict ("String literal") == 0)
|     success = true;
|   char *restrict newvar = "Another string";
| 
|   // Check varargs.
|   test_varargs ("s, d' f .", "string", 65, 34.234);
|   test_varargs_macros ();
| 
|   // Check flexible array members.
|   struct incomplete_array *ia =
|     malloc (sizeof (struct incomplete_array) + (sizeof (double) * 10));
|   ia->datasize = 10;
|   for (int i = 0; i < ia->datasize; ++i)
|     ia->data[i] = i * 1.234;
| 
|   // Check named initializers.
|   struct named_init ni = {
|     .number = 34,
|     .name = L"Test wide string",
|     .average = 543.34343,
|   };
| 
|   ni.number = 58;
| 
|   int dynamic_array[ni.number];
|   dynamic_array[ni.number - 1] = 543;
| 
|   // work around unused variable warnings
|   return (!success || bignum == 0LL || ubignum == 0uLL || newvar[0] == 'x'
| 	  || dynamic_array[ni.number - 1] != 543);
| 
|   ;
|   return 0;
| }
configure:5399: g++ -c   conftest.cpp >&5
conftest.cpp:76:29: error: expected ')'
test_restrict (ccp restrict text)
                            ^
conftest.cpp:76:15: note: to match this '('
test_restrict (ccp restrict text)
              ^
conftest.cpp:81:30: error: use of undeclared identifier 'text'
  for (unsigned int i = 0; *(text+i) != '\0'; ++i)
                             ^
conftest.cpp:130:17: error: expected ';' at end of declaration
  char *restrict newvar = "Another string";
                ^
                ;
conftest.cpp:137:28: error: cannot initialize a variable of type 'struct incomplete_array *' with an rvalue of type 'void *'
  struct incomplete_array *ia =
                           ^
conftest.cpp:156:59: error: use of undeclared identifier 'newvar'
  return (!success || bignum == 0LL || ubignum == 0uLL || newvar[0] == 'x'
                                                          ^
5 errors generated.
configure:5399: $? = 1
configure: failed program was:
| /* confdefs.h */
| #define PACKAGE_NAME "graph-tool"
| #define PACKAGE_TARNAME "graph-tool"
| #define PACKAGE_VERSION "2.2.44"
| #define PACKAGE_STRING "graph-tool 2.2.44"
| #define PACKAGE_BUGREPORT "http://graph-tool.skewed.de/tickets"
| #define PACKAGE_URL "http://graph-tool.skewed.de"
| #define PACKAGE "graph-tool"
| #define VERSION "2.2.44"
| #define STDC_HEADERS 1
| #define HAVE_SYS_TYPES_H 1
| #define HAVE_SYS_STAT_H 1
| #define HAVE_STDLIB_H 1
| #define HAVE_STRING_H 1
| #define HAVE_MEMORY_H 1
| #define HAVE_STRINGS_H 1
| #define HAVE_INTTYPES_H 1
| #define HAVE_STDINT_H 1
| #define HAVE_UNISTD_H 1
| #define __EXTENSIONS__ 1
| #define _ALL_SOURCE 1
| #define _GNU_SOURCE 1
| #define _POSIX_PTHREAD_SEMANTICS 1
| #define _TANDEM_SOURCE 1
| /* end confdefs.h.  */
| #include <stdarg.h>
| #include <stdbool.h>
| #include <stdlib.h>
| #include <wchar.h>
| #include <stdio.h>
| 
| // Check varargs macros.  These examples are taken from C99 6.10.3.5.
| #define debug(...) fprintf (stderr, __VA_ARGS__)
| #define showlist(...) puts (#__VA_ARGS__)
| #define report(test,...) ((test) ? puts (#test) : printf (__VA_ARGS__))
| static void
| test_varargs_macros (void)
| {
|   int x = 1234;
|   int y = 5678;
|   debug ("Flag");
|   debug ("X = %d\n", x);
|   showlist (The first, second, and third items.);
|   report (x>y, "x is %d but y is %d", x, y);
| }
| 
| // Check long long types.
| #define BIG64 18446744073709551615ull
| #define BIG32 4294967295ul
| #define BIG_OK (BIG64 / BIG32 == 4294967297ull && BIG64 % BIG32 == 0)
| #if !BIG_OK
|   your preprocessor is broken;
| #endif
| #if BIG_OK
| #else
|   your preprocessor is broken;
| #endif
| static long long int bignum = -9223372036854775807LL;
| static unsigned long long int ubignum = BIG64;
| 
| struct incomplete_array
| {
|   int datasize;
|   double data[];
| };
| 
| struct named_init {
|   int number;
|   const wchar_t *name;
|   double average;
| };
| 
| typedef const char *ccp;
| 
| static inline int
| test_restrict (ccp restrict text)
| {
|   // See if C++-style comments work.
|   // Iterate through items via the restricted pointer.
|   // Also check for declarations in for loops.
|   for (unsigned int i = 0; *(text+i) != '\0'; ++i)
|     continue;
|   return 0;
| }
| 
| // Check varargs and va_copy.
| static void
| test_varargs (const char *format, ...)
| {
|   va_list args;
|   va_start (args, format);
|   va_list args_copy;
|   va_copy (args_copy, args);
| 
|   const char *str;
|   int number;
|   float fnumber;
| 
|   while (*format)
|     {
|       switch (*format++)
| 	{
| 	case 's': // string
| 	  str = va_arg (args_copy, const char *);
| 	  break;
| 	case 'd': // int
| 	  number = va_arg (args_copy, int);
| 	  break;
| 	case 'f': // float
| 	  fnumber = va_arg (args_copy, double);
| 	  break;
| 	default:
| 	  break;
| 	}
|     }
|   va_end (args_copy);
|   va_end (args);
| }
| 
| int
| main ()
| {
| 
|   // Check bool.
|   _Bool success = false;
| 
|   // Check restrict.
|   if (test_restrict ("String literal") == 0)
|     success = true;
|   char *restrict newvar = "Another string";
| 
|   // Check varargs.
|   test_varargs ("s, d' f .", "string", 65, 34.234);
|   test_varargs_macros ();
| 
|   // Check flexible array members.
|   struct incomplete_array *ia =
|     malloc (sizeof (struct incomplete_array) + (sizeof (double) * 10));
|   ia->datasize = 10;
|   for (int i = 0; i < ia->datasize; ++i)
|     ia->data[i] = i * 1.234;
| 
|   // Check named initializers.
|   struct named_init ni = {
|     .number = 34,
|     .name = L"Test wide string",
|     .average = 543.34343,
|   };
| 
|   ni.number = 58;
| 
|   int dynamic_array[ni.number];
|   dynamic_array[ni.number - 1] = 543;
| 
|   // work around unused variable warnings
|   return (!success || bignum == 0LL || ubignum == 0uLL || newvar[0] == 'x'
| 	  || dynamic_array[ni.number - 1] != 543);
| 
|   ;
|   return 0;
| }
configure:5399: g++ -c   conftest.cpp >&5
conftest.cpp:76:29: error: expected ')'
test_restrict (ccp restrict text)
                            ^
conftest.cpp:76:15: note: to match this '('
test_restrict (ccp restrict text)
              ^
conftest.cpp:81:30: error: use of undeclared identifier 'text'
  for (unsigned int i = 0; *(text+i) != '\0'; ++i)
                             ^
conftest.cpp:130:17: error: expected ';' at end of declaration
  char *restrict newvar = "Another string";
                ^
                ;
conftest.cpp:137:28: error: cannot initialize a variable of type 'struct incomplete_array *' with an rvalue of type 'void *'
  struct incomplete_array *ia =
                           ^
conftest.cpp:156:59: error: use of undeclared identifier 'newvar'
  return (!success || bignum == 0LL || ubignum == 0uLL || newvar[0] == 'x'
                                                          ^
5 errors generated.
configure:5399: $? = 1
configure: failed program was:
| /* confdefs.h */
| #define PACKAGE_NAME "graph-tool"
| #define PACKAGE_TARNAME "graph-tool"
| #define PACKAGE_VERSION "2.2.44"
| #define PACKAGE_STRING "graph-tool 2.2.44"
| #define PACKAGE_BUGREPORT "http://graph-tool.skewed.de/tickets"
| #define PACKAGE_URL "http://graph-tool.skewed.de"
| #define PACKAGE "graph-tool"
| #define VERSION "2.2.44"
| #define STDC_HEADERS 1
| #define HAVE_SYS_TYPES_H 1
| #define HAVE_SYS_STAT_H 1
| #define HAVE_STDLIB_H 1
| #define HAVE_STRING_H 1
| #define HAVE_MEMORY_H 1
| #define HAVE_STRINGS_H 1
| #define HAVE_INTTYPES_H 1
| #define HAVE_STDINT_H 1
| #define HAVE_UNISTD_H 1
| #define __EXTENSIONS__ 1
| #define _ALL_SOURCE 1
| #define _GNU_SOURCE 1
| #define _POSIX_PTHREAD_SEMANTICS 1
| #define _TANDEM_SOURCE 1
| /* end confdefs.h.  */
| #include <stdarg.h>
| #include <stdbool.h>
| #include <stdlib.h>
| #include <wchar.h>
| #include <stdio.h>
| 
| // Check varargs macros.  These examples are taken from C99 6.10.3.5.
| #define debug(...) fprintf (stderr, __VA_ARGS__)
| #define showlist(...) puts (#__VA_ARGS__)
| #define report(test,...) ((test) ? puts (#test) : printf (__VA_ARGS__))
| static void
| test_varargs_macros (void)
| {
|   int x = 1234;
|   int y = 5678;
|   debug ("Flag");
|   debug ("X = %d\n", x);
|   showlist (The first, second, and third items.);
|   report (x>y, "x is %d but y is %d", x, y);
| }
| 
| // Check long long types.
| #define BIG64 18446744073709551615ull
| #define BIG32 4294967295ul
| #define BIG_OK (BIG64 / BIG32 == 4294967297ull && BIG64 % BIG32 == 0)
| #if !BIG_OK
|   your preprocessor is broken;
| #endif
| #if BIG_OK
| #else
|   your preprocessor is broken;
| #endif
| static long long int bignum = -9223372036854775807LL;
| static unsigned long long int ubignum = BIG64;
| 
| struct incomplete_array
| {
|   int datasize;
|   double data[];
| };
| 
| struct named_init {
|   int number;
|   const wchar_t *name;
|   double average;
| };
| 
| typedef const char *ccp;
| 
| static inline int
| test_restrict (ccp restrict text)
| {
|   // See if C++-style comments work.
|   // Iterate through items via the restricted pointer.
|   // Also check for declarations in for loops.
|   for (unsigned int i = 0; *(text+i) != '\0'; ++i)
|     continue;
|   return 0;
| }
| 
| // Check varargs and va_copy.
| static void
| test_varargs (const char *format, ...)
| {
|   va_list args;
|   va_start (args, format);
|   va_list args_copy;
|   va_copy (args_copy, args);
| 
|   const char *str;
|   int number;
|   float fnumber;
| 
|   while (*format)
|     {
|       switch (*format++)
| 	{
| 	case 's': // string
| 	  str = va_arg (args_copy, const char *);
| 	  break;
| 	case 'd': // int
| 	  number = va_arg (args_copy, int);
| 	  break;
| 	case 'f': // float
| 	  fnumber = va_arg (args_copy, double);
| 	  break;
| 	default:
| 	  break;
| 	}
|     }
|   va_end (args_copy);
|   va_end (args);
| }
| 
| int
| main ()
| {
| 
|   // Check bool.
|   _Bool success = false;
| 
|   // Check restrict.
|   if (test_restrict ("String literal") == 0)
|     success = true;
|   char *restrict newvar = "Another string";
| 
|   // Check varargs.
|   test_varargs ("s, d' f .", "string", 65, 34.234);
|   test_varargs_macros ();
| 
|   // Check flexible array members.
|   struct incomplete_array *ia =
|     malloc (sizeof (struct incomplete_array) + (sizeof (double) * 10));
|   ia->datasize = 10;
|   for (int i = 0; i < ia->datasize; ++i)
|     ia->data[i] = i * 1.234;
| 
|   // Check named initializers.
|   struct named_init ni = {
|     .number = 34,
|     .name = L"Test wide string",
|     .average = 543.34343,
|   };
| 
|   ni.number = 58;
| 
|   int dynamic_array[ni.number];
|   dynamic_array[ni.number - 1] = 543;
| 
|   // work around unused variable warnings
|   return (!success || bignum == 0LL || ubignum == 0uLL || newvar[0] == 'x'
| 	  || dynamic_array[ni.number - 1] != 543);
| 
|   ;
|   return 0;
| }
configure:5399: g++ -c   conftest.cpp >&5
conftest.cpp:76:29: error: expected ')'
test_restrict (ccp restrict text)
                            ^
conftest.cpp:76:15: note: to match this '('
test_restrict (ccp restrict text)
              ^
conftest.cpp:81:30: error: use of undeclared identifier 'text'
  for (unsigned int i = 0; *(text+i) != '\0'; ++i)
                             ^
conftest.cpp:130:17: error: expected ';' at end of declaration
  char *restrict newvar = "Another string";
                ^
                ;
conftest.cpp:137:28: error: cannot initialize a variable of type 'struct incomplete_array *' with an rvalue of type 'void *'
  struct incomplete_array *ia =
                           ^
conftest.cpp:156:59: error: use of undeclared identifier 'newvar'
  return (!success || bignum == 0LL || ubignum == 0uLL || newvar[0] == 'x'
                                                          ^
5 errors generated.
configure:5399: $? = 1
configure: failed program was:
| /* confdefs.h */
| #define PACKAGE_NAME "graph-tool"
| #define PACKAGE_TARNAME "graph-tool"
| #define PACKAGE_VERSION "2.2.44"
| #define PACKAGE_STRING "graph-tool 2.2.44"
| #define PACKAGE_BUGREPORT "http://graph-tool.skewed.de/tickets"
| #define PACKAGE_URL "http://graph-tool.skewed.de"
| #define PACKAGE "graph-tool"
| #define VERSION "2.2.44"
| #define STDC_HEADERS 1
| #define HAVE_SYS_TYPES_H 1
| #define HAVE_SYS_STAT_H 1
| #define HAVE_STDLIB_H 1
| #define HAVE_STRING_H 1
| #define HAVE_MEMORY_H 1
| #define HAVE_STRINGS_H 1
| #define HAVE_INTTYPES_H 1
| #define HAVE_STDINT_H 1
| #define HAVE_UNISTD_H 1
| #define __EXTENSIONS__ 1
| #define _ALL_SOURCE 1
| #define _GNU_SOURCE 1
| #define _POSIX_PTHREAD_SEMANTICS 1
| #define _TANDEM_SOURCE 1
| /* end confdefs.h.  */
| #include <stdarg.h>
| #include <stdbool.h>
| #include <stdlib.h>
| #include <wchar.h>
| #include <stdio.h>
| 
| // Check varargs macros.  These examples are taken from C99 6.10.3.5.
| #define debug(...) fprintf (stderr, __VA_ARGS__)
| #define showlist(...) puts (#__VA_ARGS__)
| #define report(test,...) ((test) ? puts (#test) : printf (__VA_ARGS__))
| static void
| test_varargs_macros (void)
| {
|   int x = 1234;
|   int y = 5678;
|   debug ("Flag");
|   debug ("X = %d\n", x);
|   showlist (The first, second, and third items.);
|   report (x>y, "x is %d but y is %d", x, y);
| }
| 
| // Check long long types.
| #define BIG64 18446744073709551615ull
| #define BIG32 4294967295ul
| #define BIG_OK (BIG64 / BIG32 == 4294967297ull && BIG64 % BIG32 == 0)
| #if !BIG_OK
|   your preprocessor is broken;
| #endif
| #if BIG_OK
| #else
|   your preprocessor is broken;
| #endif
| static long long int bignum = -9223372036854775807LL;
| static unsigned long long int ubignum = BIG64;
| 
| struct incomplete_array
| {
|   int datasize;
|   double data[];
| };
| 
| struct named_init {
|   int number;
|   const wchar_t *name;
|   double average;
| };
| 
| typedef const char *ccp;
| 
| static inline int
| test_restrict (ccp restrict text)
| {
|   // See if C++-style comments work.
|   // Iterate through items via the restricted pointer.
|   // Also check for declarations in for loops.
|   for (unsigned int i = 0; *(text+i) != '\0'; ++i)
|     continue;
|   return 0;
| }
| 
| // Check varargs and va_copy.
| static void
| test_varargs (const char *format, ...)
| {
|   va_list args;
|   va_start (args, format);
|   va_list args_copy;
|   va_copy (args_copy, args);
| 
|   const char *str;
|   int number;
|   float fnumber;
| 
|   while (*format)
|     {
|       switch (*format++)
| 	{
| 	case 's': // string
| 	  str = va_arg (args_copy, const char *);
| 	  break;
| 	case 'd': // int
| 	  number = va_arg (args_copy, int);
| 	  break;
| 	case 'f': // float
| 	  fnumber = va_arg (args_copy, double);
| 	  break;
| 	default:
| 	  break;
| 	}
|     }
|   va_end (args_copy);
|   va_end (args);
| }
| 
| int
| main ()
| {
| 
|   // Check bool.
|   _Bool success = false;
| 
|   // Check restrict.
|   if (test_restrict ("String literal") == 0)
|     success = true;
|   char *restrict newvar = "Another string";
| 
|   // Check varargs.
|   test_varargs ("s, d' f .", "string", 65, 34.234);
|   test_varargs_macros ();
| 
|   // Check flexible array members.
|   struct incomplete_array *ia =
|     malloc (sizeof (struct incomplete_array) + (sizeof (double) * 10));
|   ia->datasize = 10;
|   for (int i = 0; i < ia->datasize; ++i)
|     ia->data[i] = i * 1.234;
| 
|   // Check named initializers.
|   struct named_init ni = {
|     .number = 34,
|     .name = L"Test wide string",
|     .average = 543.34343,
|   };
| 
|   ni.number = 58;
| 
|   int dynamic_array[ni.number];
|   dynamic_array[ni.number - 1] = 543;
| 
|   // work around unused variable warnings
|   return (!success || bignum == 0LL || ubignum == 0uLL || newvar[0] == 'x'
| 	  || dynamic_array[ni.number - 1] != 543);
| 
|   ;
|   return 0;
| }
configure:5399: g++ -c   conftest.cpp >&5
conftest.cpp:76:29: error: expected ')'
test_restrict (ccp restrict text)
                            ^
conftest.cpp:76:15: note: to match this '('
test_restrict (ccp restrict text)
              ^
conftest.cpp:81:30: error: use of undeclared identifier 'text'
  for (unsigned int i = 0; *(text+i) != '\0'; ++i)
                             ^
conftest.cpp:130:17: error: expected ';' at end of declaration
  char *restrict newvar = "Another string";
                ^
                ;
conftest.cpp:137:28: error: cannot initialize a variable of type 'struct incomplete_array *' with an rvalue of type 'void *'
  struct incomplete_array *ia =
                           ^
conftest.cpp:156:59: error: use of undeclared identifier 'newvar'
  return (!success || bignum == 0LL || ubignum == 0uLL || newvar[0] == 'x'
                                                          ^
5 errors generated.
configure:5399: $? = 1
configure: failed program was:
| /* confdefs.h */
| #define PACKAGE_NAME "graph-tool"
| #define PACKAGE_TARNAME "graph-tool"
| #define PACKAGE_VERSION "2.2.44"
| #define PACKAGE_STRING "graph-tool 2.2.44"
| #define PACKAGE_BUGREPORT "http://graph-tool.skewed.de/tickets"
| #define PACKAGE_URL "http://graph-tool.skewed.de"
| #define PACKAGE "graph-tool"
| #define VERSION "2.2.44"
| #define STDC_HEADERS 1
| #define HAVE_SYS_TYPES_H 1
| #define HAVE_SYS_STAT_H 1
| #define HAVE_STDLIB_H 1
| #define HAVE_STRING_H 1
| #define HAVE_MEMORY_H 1
| #define HAVE_STRINGS_H 1
| #define HAVE_INTTYPES_H 1
| #define HAVE_STDINT_H 1
| #define HAVE_UNISTD_H 1
| #define __EXTENSIONS__ 1
| #define _ALL_SOURCE 1
| #define _GNU_SOURCE 1
| #define _POSIX_PTHREAD_SEMANTICS 1
| #define _TANDEM_SOURCE 1
| /* end confdefs.h.  */
| #include <stdarg.h>
| #include <stdbool.h>
| #include <stdlib.h>
| #include <wchar.h>
| #include <stdio.h>
| 
| // Check varargs macros.  These examples are taken from C99 6.10.3.5.
| #define debug(...) fprintf (stderr, __VA_ARGS__)
| #define showlist(...) puts (#__VA_ARGS__)
| #define report(test,...) ((test) ? puts (#test) : printf (__VA_ARGS__))
| static void
| test_varargs_macros (void)
| {
|   int x = 1234;
|   int y = 5678;
|   debug ("Flag");
|   debug ("X = %d\n", x);
|   showlist (The first, second, and third items.);
|   report (x>y, "x is %d but y is %d", x, y);
| }
| 
| // Check long long types.
| #define BIG64 18446744073709551615ull
| #define BIG32 4294967295ul
| #define BIG_OK (BIG64 / BIG32 == 4294967297ull && BIG64 % BIG32 == 0)
| #if !BIG_OK
|   your preprocessor is broken;
| #endif
| #if BIG_OK
| #else
|   your preprocessor is broken;
| #endif
| static long long int bignum = -9223372036854775807LL;
| static unsigned long long int ubignum = BIG64;
| 
| struct incomplete_array
| {
|   int datasize;
|   double data[];
| };
| 
| struct named_init {
|   int number;
|   const wchar_t *name;
|   double average;
| };
| 
| typedef const char *ccp;
| 
| static inline int
| test_restrict (ccp restrict text)
| {
|   // See if C++-style comments work.
|   // Iterate through items via the restricted pointer.
|   // Also check for declarations in for loops.
|   for (unsigned int i = 0; *(text+i) != '\0'; ++i)
|     continue;
|   return 0;
| }
| 
| // Check varargs and va_copy.
| static void
| test_varargs (const char *format, ...)
| {
|   va_list args;
|   va_start (args, format);
|   va_list args_copy;
|   va_copy (args_copy, args);
| 
|   const char *str;
|   int number;
|   float fnumber;
| 
|   while (*format)
|     {
|       switch (*format++)
| 	{
| 	case 's': // string
| 	  str = va_arg (args_copy, const char *);
| 	  break;
| 	case 'd': // int
| 	  number = va_arg (args_copy, int);
| 	  break;
| 	case 'f': // float
| 	  fnumber = va_arg (args_copy, double);
| 	  break;
| 	default:
| 	  break;
| 	}
|     }
|   va_end (args_copy);
|   va_end (args);
| }
| 
| int
| main ()
| {
| 
|   // Check bool.
|   _Bool success = false;
| 
|   // Check restrict.
|   if (test_restrict ("String literal") == 0)
|     success = true;
|   char *restrict newvar = "Another string";
| 
|   // Check varargs.
|   test_varargs ("s, d' f .", "string", 65, 34.234);
|   test_varargs_macros ();
| 
|   // Check flexible array members.
|   struct incomplete_array *ia =
|     malloc (sizeof (struct incomplete_array) + (sizeof (double) * 10));
|   ia->datasize = 10;
|   for (int i = 0; i < ia->datasize; ++i)
|     ia->data[i] = i * 1.234;
| 
|   // Check named initializers.
|   struct named_init ni = {
|     .number = 34,
|     .name = L"Test wide string",
|     .average = 543.34343,
|   };
| 
|   ni.number = 58;
| 
|   int dynamic_array[ni.number];
|   dynamic_array[ni.number - 1] = 543;
| 
|   // work around unused variable warnings
|   return (!success || bignum == 0LL || ubignum == 0uLL || newvar[0] == 'x'
| 	  || dynamic_array[ni.number - 1] != 543);
| 
|   ;
|   return 0;
| }
configure:5399: g++ -c   conftest.cpp >&5
conftest.cpp:76:29: error: expected ')'
test_restrict (ccp restrict text)
                            ^
conftest.cpp:76:15: note: to match this '('
test_restrict (ccp restrict text)
              ^
conftest.cpp:81:30: error: use of undeclared identifier 'text'
  for (unsigned int i = 0; *(text+i) != '\0'; ++i)
                             ^
conftest.cpp:130:17: error: expected ';' at end of declaration
  char *restrict newvar = "Another string";
                ^
                ;
conftest.cpp:137:28: error: cannot initialize a variable of type 'struct incomplete_array *' with an rvalue of type 'void *'
  struct incomplete_array *ia =
                           ^
conftest.cpp:156:59: error: use of undeclared identifier 'newvar'
  return (!success || bignum == 0LL || ubignum == 0uLL || newvar[0] == 'x'
                                                          ^
5 errors generated.
configure:5399: $? = 1
configure: failed program was:
| /* confdefs.h */
| #define PACKAGE_NAME "graph-tool"
| #define PACKAGE_TARNAME "graph-tool"
| #define PACKAGE_VERSION "2.2.44"
| #define PACKAGE_STRING "graph-tool 2.2.44"
| #define PACKAGE_BUGREPORT "http://graph-tool.skewed.de/tickets"
| #define PACKAGE_URL "http://graph-tool.skewed.de"
| #define PACKAGE "graph-tool"
| #define VERSION "2.2.44"
| #define STDC_HEADERS 1
| #define HAVE_SYS_TYPES_H 1
| #define HAVE_SYS_STAT_H 1
| #define HAVE_STDLIB_H 1
| #define HAVE_STRING_H 1
| #define HAVE_MEMORY_H 1
| #define HAVE_STRINGS_H 1
| #define HAVE_INTTYPES_H 1
| #define HAVE_STDINT_H 1
| #define HAVE_UNISTD_H 1
| #define __EXTENSIONS__ 1
| #define _ALL_SOURCE 1
| #define _GNU_SOURCE 1
| #define _POSIX_PTHREAD_SEMANTICS 1
| #define _TANDEM_SOURCE 1
| /* end confdefs.h.  */
| #include <stdarg.h>
| #include <stdbool.h>
| #include <stdlib.h>
| #include <wchar.h>
| #include <stdio.h>
| 
| // Check varargs macros.  These examples are taken from C99 6.10.3.5.
| #define debug(...) fprintf (stderr, __VA_ARGS__)
| #define showlist(...) puts (#__VA_ARGS__)
| #define report(test,...) ((test) ? puts (#test) : printf (__VA_ARGS__))
| static void
| test_varargs_macros (void)
| {
|   int x = 1234;
|   int y = 5678;
|   debug ("Flag");
|   debug ("X = %d\n", x);
|   showlist (The first, second, and third items.);
|   report (x>y, "x is %d but y is %d", x, y);
| }
| 
| // Check long long types.
| #define BIG64 18446744073709551615ull
| #define BIG32 4294967295ul
| #define BIG_OK (BIG64 / BIG32 == 4294967297ull && BIG64 % BIG32 == 0)
| #if !BIG_OK
|   your preprocessor is broken;
| #endif
| #if BIG_OK
| #else
|   your preprocessor is broken;
| #endif
| static long long int bignum = -9223372036854775807LL;
| static unsigned long long int ubignum = BIG64;
| 
| struct incomplete_array
| {
|   int datasize;
|   double data[];
| };
| 
| struct named_init {
|   int number;
|   const wchar_t *name;
|   double average;
| };
| 
| typedef const char *ccp;
| 
| static inline int
| test_restrict (ccp restrict text)
| {
|   // See if C++-style comments work.
|   // Iterate through items via the restricted pointer.
|   // Also check for declarations in for loops.
|   for (unsigned int i = 0; *(text+i) != '\0'; ++i)
|     continue;
|   return 0;
| }
| 
| // Check varargs and va_copy.
| static void
| test_varargs (const char *format, ...)
| {
|   va_list args;
|   va_start (args, format);
|   va_list args_copy;
|   va_copy (args_copy, args);
| 
|   const char *str;
|   int number;
|   float fnumber;
| 
|   while (*format)
|     {
|       switch (*format++)
| 	{
| 	case 's': // string
| 	  str = va_arg (args_copy, const char *);
| 	  break;
| 	case 'd': // int
| 	  number = va_arg (args_copy, int);
| 	  break;
| 	case 'f': // float
| 	  fnumber = va_arg (args_copy, double);
| 	  break;
| 	default:
| 	  break;
| 	}
|     }
|   va_end (args_copy);
|   va_end (args);
| }
| 
| int
| main ()
| {
| 
|   // Check bool.
|   _Bool success = false;
| 
|   // Check restrict.
|   if (test_restrict ("String literal") == 0)
|     success = true;
|   char *restrict newvar = "Another string";
| 
|   // Check varargs.
|   test_varargs ("s, d' f .", "string", 65, 34.234);
|   test_varargs_macros ();
| 
|   // Check flexible array members.
|   struct incomplete_array *ia =
|     malloc (sizeof (struct incomplete_array) + (sizeof (double) * 10));
|   ia->datasize = 10;
|   for (int i = 0; i < ia->datasize; ++i)
|     ia->data[i] = i * 1.234;
| 
|   // Check named initializers.
|   struct named_init ni = {
|     .number = 34,
|     .name = L"Test wide string",
|     .average = 543.34343,
|   };
| 
|   ni.number = 58;
| 
|   int dynamic_array[ni.number];
|   dynamic_array[ni.number - 1] = 543;
| 
|   // work around unused variable warnings
|   return (!success || bignum == 0LL || ubignum == 0uLL || newvar[0] == 'x'
| 	  || dynamic_array[ni.number - 1] != 543);
| 
|   ;
|   return 0;
| }
configure:5415: result: unsupported
configure:5425: checking for gcc option to accept ISO C89
configure:5501: result: none needed
configure:5520: checking for gcc option to accept ISO Standard C
configure:5531: result: none needed
configure:5544: checking how to run the C++ preprocessor
configure:5571: g++ -E  conftest.cpp
configure:5571: $? = 0
configure:5585: g++ -E  conftest.cpp
conftest.cpp:26:10: fatal error: 'ac_nonexistent.h' file not found
#include <ac_nonexistent.h>
         ^
1 error generated.
configure:5585: $? = 1
configure: failed program was:
| /* confdefs.h */
| #define PACKAGE_NAME "graph-tool"
| #define PACKAGE_TARNAME "graph-tool"
| #define PACKAGE_VERSION "2.2.44"
| #define PACKAGE_STRING "graph-tool 2.2.44"
| #define PACKAGE_BUGREPORT "http://graph-tool.skewed.de/tickets"
| #define PACKAGE_URL "http://graph-tool.skewed.de"
| #define PACKAGE "graph-tool"
| #define VERSION "2.2.44"
| #define STDC_HEADERS 1
| #define HAVE_SYS_TYPES_H 1
| #define HAVE_SYS_STAT_H 1
| #define HAVE_STDLIB_H 1
| #define HAVE_STRING_H 1
| #define HAVE_MEMORY_H 1
| #define HAVE_STRINGS_H 1
| #define HAVE_INTTYPES_H 1
| #define HAVE_STDINT_H 1
| #define HAVE_UNISTD_H 1
| #define __EXTENSIONS__ 1
| #define _ALL_SOURCE 1
| #define _GNU_SOURCE 1
| #define _POSIX_PTHREAD_SEMANTICS 1
| #define _TANDEM_SOURCE 1
| /* end confdefs.h.  */
| #include <ac_nonexistent.h>
configure:5610: result: g++ -E
configure:5630: g++ -E  conftest.cpp
configure:5630: $? = 0
configure:5644: g++ -E  conftest.cpp
conftest.cpp:26:10: fatal error: 'ac_nonexistent.h' file not found
#include <ac_nonexistent.h>
         ^
1 error generated.
configure:5644: $? = 1
configure: failed program was:
| /* confdefs.h */
| #define PACKAGE_NAME "graph-tool"
| #define PACKAGE_TARNAME "graph-tool"
| #define PACKAGE_VERSION "2.2.44"
| #define PACKAGE_STRING "graph-tool 2.2.44"
| #define PACKAGE_BUGREPORT "http://graph-tool.skewed.de/tickets"
| #define PACKAGE_URL "http://graph-tool.skewed.de"
| #define PACKAGE "graph-tool"
| #define VERSION "2.2.44"
| #define STDC_HEADERS 1
| #define HAVE_SYS_TYPES_H 1
| #define HAVE_SYS_STAT_H 1
| #define HAVE_STDLIB_H 1
| #define HAVE_STRING_H 1
| #define HAVE_MEMORY_H 1
| #define HAVE_STRINGS_H 1
| #define HAVE_INTTYPES_H 1
| #define HAVE_STDINT_H 1
| #define HAVE_UNISTD_H 1
| #define __EXTENSIONS__ 1
| #define _ALL_SOURCE 1
| #define _GNU_SOURCE 1
| #define _POSIX_PTHREAD_SEMANTICS 1
| #define _TANDEM_SOURCE 1
| /* end confdefs.h.  */
| #include <ac_nonexistent.h>
configure:5673: checking for ANSI C header files
configure:5777: result: yes
configure:5845: checking build system type
configure:5859: result: x86_64-apple-darwin14.4.0
configure:5879: checking host system type
configure:5892: result: x86_64-apple-darwin14.4.0
configure:5933: checking how to print strings
configure:5960: result: printf
configure:5981: checking for a sed that does not truncate output
configure:6045: result: /usr/bin/sed
configure:6063: checking for fgrep
configure:6125: result: /usr/bin/grep -F
configure:6160: checking for ld used by gcc
configure:6227: result: /Applications/Xcode.app/Contents/Developer/Toolchains/XcodeDefault.xctoolchain/usr/bin/ld
configure:6234: checking if the linker (/Applications/Xcode.app/Contents/Developer/Toolchains/XcodeDefault.xctoolchain/usr/bin/ld) is GNU ld
configure:6249: result: no
configure:6261: checking for BSD- or MS-compatible name lister (nm)
configure:6315: result: /usr/bin/nm
configure:6445: checking the name lister (/usr/bin/nm) interface
configure:6452: g++ -c   conftest.cpp >&5
configure:6455: /usr/bin/nm "conftest.o"
configure:6458: output
0000000000000000 S _some_variable
configure:6465: result: BSD nm
configure:6468: checking whether ln -s works
configure:6472: result: yes
configure:6480: checking the maximum length of command line arguments
configure:6611: result: 196608
configure:6659: checking how to convert x86_64-apple-darwin14.4.0 file names to x86_64-apple-darwin14.4.0 format
configure:6699: result: func_convert_file_noop
configure:6706: checking how to convert x86_64-apple-darwin14.4.0 file names to toolchain format
configure:6726: result: func_convert_file_noop
configure:6733: checking for /Applications/Xcode.app/Contents/Developer/Toolchains/XcodeDefault.xctoolchain/usr/bin/ld option to reload object files
configure:6740: result: -r
configure:6814: checking for objdump
configure:6844: result: no
configure:6873: checking how to recognize dependent libraries
configure:7073: result: pass_all
configure:7158: checking for dlltool
configure:7188: result: no
configure:7218: checking how to associate runtime and link libraries
configure:7245: result: printf %s\n
configure:7305: checking for ar
configure:7321: found /usr/bin/ar
configure:7332: result: ar
configure:7369: checking for archiver @FILE support
configure:7386: g++ -c   conftest.cpp >&5
configure:7386: $? = 0
configure:7389: ar cru libconftest.a @conftest.lst >&5
ar: @conftest.lst: No such file or directory
configure:7392: $? = 1
configure:7412: result: no
configure:7470: checking for strip
configure:7486: found /usr/bin/strip
configure:7497: result: strip
configure:7569: checking for ranlib
configure:7585: found /usr/bin/ranlib
configure:7596: result: ranlib
configure:7698: checking command to parse /usr/bin/nm output from gcc object
configure:7851: g++ -c   conftest.cpp >&5
configure:7854: $? = 0
configure:7858: /usr/bin/nm conftest.o \| sed -n -e 's/^.*[ ]\([BCDEGRST][BCDEGRST]*\)[ ][ ]*\([_A-Za-z][_A-Za-z0-9]*\)$/\1 \2 \2/p' | sed '/ __gnu_lto/d' \> conftest.nm
configure:7861: $? = 0
cannot find nm_test_var in conftest.nm
configure:7851: g++ -c   conftest.cpp >&5
configure:7854: $? = 0
configure:7858: /usr/bin/nm conftest.o \| sed -n -e 's/^.*[ ]\([BCDEGRST][BCDEGRST]*\)[ ][ ]*_\([_A-Za-z][_A-Za-z0-9]*\)$/\1 _\2 \2/p' | sed '/ __gnu_lto/d' \> conftest.nm
configure:7861: $? = 0
configure:7927: g++ -o conftest    conftest.cpp conftstm.o >&5
configure:7930: $? = 0
configure:7968: result: ok
configure:8015: checking for sysroot
configure:8045: result: no
configure:8052: checking for a working dd
configure:8090: result: /bin/dd
configure:8094: checking how to truncate binary pipes
configure:8109: result: /bin/dd bs=4096 count=1
configure:8438: checking for mt
configure:8468: result: no
configure:8488: checking if : is a manifest tool
configure:8494: : '-?'
configure:8502: result: no
configure:8558: checking for dsymutil
configure:8574: found /usr/bin/dsymutil
configure:8585: result: dsymutil
configure:8650: checking for nmedit
configure:8666: found /usr/bin/nmedit
configure:8677: result: nmedit
configure:8742: checking for lipo
configure:8758: found /usr/bin/lipo
configure:8769: result: lipo
configure:8834: checking for otool
configure:8850: found /usr/bin/otool
configure:8861: result: otool
configure:8926: checking for otool64
configure:8956: result: no
configure:9001: checking for -single_module linker flag
gcc -g -O2  -o libconftest.dylib -dynamiclib -Wl,-single_module conftest.c
configure:9034: result: yes
configure:9037: checking for -exported_symbols_list linker flag
configure:9057: g++ -o conftest    -Wl,-exported_symbols_list,conftest.sym conftest.cpp  >&5
configure:9057: $? = 0
configure:9067: result: yes
configure:9070: checking for -force_load linker flag
gcc -g -O2 -c -o conftest.o conftest.c
ar cru libconftest.a conftest.o
ranlib libconftest.a
gcc -g -O2  -o conftest conftest.c -Wl,-force_load,./libconftest.a
configure:9102: result: yes
configure:9176: checking for dlfcn.h
configure:9176: g++ -c   conftest.cpp >&5
configure:9176: $? = 0
configure:9176: result: yes
configure:9412: checking for objdir
configure:9427: result: .libs
configure:9687: checking if gcc supports -fno-rtti -fno-exceptions
configure:9705: gcc -c -g -O2  -fno-rtti -fno-exceptions conftest.c >&5
configure:9709: $? = 0
configure:9722: result: yes
configure:10080: checking for gcc option to produce PIC
configure:10087: result: -fno-common -DPIC
configure:10095: checking if gcc PIC flag -fno-common -DPIC works
configure:10113: gcc -c -g -O2  -fno-common -DPIC -DPIC conftest.c >&5
configure:10117: $? = 0
configure:10130: result: yes
configure:10159: checking if gcc static flag -static works
configure:10187: result: no
configure:10202: checking if gcc supports -c -o file.o
configure:10223: gcc -c -g -O2  -o out/conftest2.o conftest.c >&5
configure:10227: $? = 0
configure:10249: result: yes
configure:10257: checking if gcc supports -c -o file.o
configure:10304: result: yes
configure:10337: checking whether the gcc linker (/Applications/Xcode.app/Contents/Developer/Toolchains/XcodeDefault.xctoolchain/usr/bin/ld) supports shared libraries
configure:11596: result: yes
configure:11836: checking dynamic linker characteristics
configure:12654: result: darwin14.4.0 dyld
configure:12776: checking how to hardcode library paths into programs
configure:12801: result: immediate
configure:13349: checking whether stripping libraries is possible
configure:13363: result: yes
configure:13389: checking if libtool supports shared libraries
configure:13391: result: yes
configure:13394: checking whether to build shared libraries
configure:13419: result: yes
configure:13422: checking whether to build static libraries
configure:13426: result: no
configure:13449: checking how to run the C++ preprocessor
configure:13515: result: g++ -E
configure:13535: g++ -E  conftest.cpp
configure:13535: $? = 0
configure:13549: g++ -E  conftest.cpp
conftest.cpp:29:10: fatal error: 'ac_nonexistent.h' file not found
#include <ac_nonexistent.h>
         ^
1 error generated.
configure:13549: $? = 1
configure: failed program was:
| /* confdefs.h */
| #define PACKAGE_NAME "graph-tool"
| #define PACKAGE_TARNAME "graph-tool"
| #define PACKAGE_VERSION "2.2.44"
| #define PACKAGE_STRING "graph-tool 2.2.44"
| #define PACKAGE_BUGREPORT "http://graph-tool.skewed.de/tickets"
| #define PACKAGE_URL "http://graph-tool.skewed.de"
| #define PACKAGE "graph-tool"
| #define VERSION "2.2.44"
| #define STDC_HEADERS 1
| #define HAVE_SYS_TYPES_H 1
| #define HAVE_SYS_STAT_H 1
| #define HAVE_STDLIB_H 1
| #define HAVE_STRING_H 1
| #define HAVE_MEMORY_H 1
| #define HAVE_STRINGS_H 1
| #define HAVE_INTTYPES_H 1
| #define HAVE_STDINT_H 1
| #define HAVE_UNISTD_H 1
| #define __EXTENSIONS__ 1
| #define _ALL_SOURCE 1
| #define _GNU_SOURCE 1
| #define _POSIX_PTHREAD_SEMANTICS 1
| #define _TANDEM_SOURCE 1
| #define STDC_HEADERS 1
| #define HAVE_DLFCN_H 1
| #define LT_OBJDIR ".libs/"
| /* end confdefs.h.  */
| #include <ac_nonexistent.h>
configure:13711: checking for ld used by g++
configure:13778: result: /Applications/Xcode.app/Contents/Developer/Toolchains/XcodeDefault.xctoolchain/usr/bin/ld
configure:13785: checking if the linker (/Applications/Xcode.app/Contents/Developer/Toolchains/XcodeDefault.xctoolchain/usr/bin/ld) is GNU ld
configure:13800: result: no
configure:13855: checking whether the g++ linker (/Applications/Xcode.app/Contents/Developer/Toolchains/XcodeDefault.xctoolchain/usr/bin/ld) supports shared libraries
configure:14928: result: yes
configure:14964: g++ -c   conftest.cpp >&5
configure:14967: $? = 0
configure:15448: checking for g++ option to produce PIC
configure:15455: result: -fno-common -DPIC
configure:15463: checking if g++ PIC flag -fno-common -DPIC works
configure:15481: g++ -c   -fno-common -DPIC -DPIC conftest.cpp >&5
configure:15485: $? = 0
configure:15498: result: yes
configure:15521: checking if g++ static flag -static works
configure:15549: result: no
configure:15561: checking if g++ supports -c -o file.o
configure:15582: g++ -c   -o out/conftest2.o conftest.cpp >&5
configure:15586: $? = 0
configure:15608: result: yes
configure:15613: checking if g++ supports -c -o file.o
configure:15660: result: yes
configure:15690: checking whether the g++ linker (/Applications/Xcode.app/Contents/Developer/Toolchains/XcodeDefault.xctoolchain/usr/bin/ld) supports shared libraries
configure:15730: result: yes
configure:15871: checking dynamic linker characteristics
configure:16616: result: darwin14.4.0 dyld
configure:16681: checking how to hardcode library paths into programs
configure:16706: result: immediate
configure:16768: checking target system type
configure:16781: result: x86_64-apple-darwin14.4.0
configure:16811: checking whether to enable debug info...
configure:16831: result: no
configure:16839: checking whether C++ compiler supports -std=gnu++11
configure:16852: g++ -c -Wall -Wextra -ftemplate-backtrace-limit=0  -DNDEBUG -std=gnu++11  conftest.cpp >&5
configure:16852: $? = 0
configure:16853: result: yes
configure:16866: checking whether to enable function inlining...
configure:16886: result: yes
configure:16901: checking whether to enable optimizations...
configure:16917: result: yes
configure:16923: checking whether to enable symbol visibility manipulation...
configure:16939: result: yes
configure:16962: checking whether to enable parallel algorithms with openmp...
configure:16983: result: no
configure:16991: checking whether to enable cairo drawing...
configure:17005: result: yes
configure:17017: checking for main in -lm
configure:17036: g++ -o conftest -Wall -Wextra -ftemplate-backtrace-limit=0  -DNDEBUG -std=gnu++11 -ftemplate-depth-250 -Wno-deprecated -Wno-unknown-pragmas -O3 -fvisibility=default -fvisibility-inlines-hidden -Wno-unknown-pragmas   conftest.cpp -lm   >&5
configure:17036: $? = 0
configure:17045: result: yes
configure:17057: checking for main in -lbz2
configure:17076: g++ -o conftest -Wall -Wextra -ftemplate-backtrace-limit=0  -DNDEBUG -std=gnu++11 -ftemplate-depth-250 -Wno-deprecated -Wno-unknown-pragmas -O3 -fvisibility=default -fvisibility-inlines-hidden -Wno-unknown-pragmas   conftest.cpp -lbz2  -lm  >&5
configure:17076: $? = 0
configure:17085: result: yes
configure:17097: checking for main in -lexpat
configure:17116: g++ -o conftest -Wall -Wextra -ftemplate-backtrace-limit=0  -DNDEBUG -std=gnu++11 -ftemplate-depth-250 -Wno-deprecated -Wno-unknown-pragmas -O3 -fvisibility=default -fvisibility-inlines-hidden -Wno-unknown-pragmas   conftest.cpp -lexpat  -lbz2 -lm  >&5
configure:17116: $? = 0
configure:17125: result: yes
configure:17175: checking for a Python interpreter with version >= 2.6
configure:17192: python -c import sys # split strings by '.' and convert to numeric. Append some zeros # because we need at least 4 digits for the hex conversion. # map returns an iterator in Python 3.0 and a list in 2.x minver = list(map(int, '2.6'.split('.'))) + [0, 0, 0] minverhex = 0 # xrange is not present in Python 3.0 and range returns an iterator for i in list(range(0, 4)): minverhex = (minverhex << 8) + minver[i] sys.exit(sys.hexversion < minverhex)
configure:17195: $? = 0
configure:17201: result: python
configure:17209: checking for python
configure:17227: found /Users/JKeto/Documents/Development/fufuka/microblog/flask/venv/bin/python
configure:17239: result: /Users/JKeto/Documents/Development/fufuka/microblog/flask/venv/bin/python
configure:17257: checking for python version
configure:17264: result: 2.7
configure:17276: checking for python platform
configure:17283: result: darwin
configure:17309: checking for python script directory
configure:17344: result: ${prefix}/lib/python2.7/site-packages
configure:17353: checking for python extension module directory
configure:17388: result: ${exec_prefix}/lib/python2.7/site-packages
configure:17413: checking for python2.7
configure:17443: result: /Users/JKeto/Documents/Development/fufuka/microblog/flask/venv/bin/python
configure:17459: checking for a version of Python >= '2.1.0'
configure:17485: result: yes
configure:17493: checking for a version of Python == '2.7.6'
configure:17499: result: yes
configure:17516: checking for the distutils Python package
configure:17520: result: yes
configure:17534: checking for Python include path
configure:17550: result: -I/System/Library/Frameworks/Python.framework/Versions/2.7/include/python2.7
configure:17557: checking for Python library path
configure:17634: result: -L/System/Library/Frameworks/Python.framework/Versions/2.7/lib -lpython2.7
configure:17641: checking for Python site-packages path
configure:17647: result: /Users/JKeto/Documents/Development/fufuka/microblog/flask/venv/lib/python2.7/site-packages
configure:17654: checking python extra libraries
configure:17661: result: -ldl  -framework CoreFoundation 
configure:17668: checking python extra linking flags
configure:17675: result: -u _PyMac_Error /System/Library/Frameworks/Python.framework/Versions/2.7/Python
configure:17682: checking consistency of all components of python development environment
configure:17708: gcc -o conftest -g -O2  -I/System/Library/Frameworks/Python.framework/Versions/2.7/include/python2.7  conftest.c -lexpat -lbz2 -lm  -L/System/Library/Frameworks/Python.framework/Versions/2.7/lib -lpython2.7 -u _PyMac_Error /System/Library/Frameworks/Python.framework/Versions/2.7/Python -ldl  -framework CoreFoundation  >&5
configure:17708: $? = 0
configure:17725: result: yes
configure:17819: checking for boostlib >= 1.53.0
configure:17873: g++ -c -Wall -Wextra -ftemplate-backtrace-limit=0  -DNDEBUG -std=gnu++11 -ftemplate-depth-250 -Wno-deprecated -Wno-unknown-pragmas -O3 -fvisibility=default -fvisibility-inlines-hidden -Wno-unknown-pragmas  -I/System/Library/Frameworks/Python.framework/Versions/2.7/include/python2.7 -I/usr/local/include conftest.cpp >&5
configure:17873: $? = 0
configure:17875: result: yes
configure:18009: checking whether the Boost::Python library is available
configure:18039: g++ -c -Wall -Wextra -ftemplate-backtrace-limit=0  -DNDEBUG -std=gnu++11 -ftemplate-depth-250 -Wno-deprecated -Wno-unknown-pragmas -O3 -fvisibility=default -fvisibility-inlines-hidden -Wno-unknown-pragmas -I/System/Library/Frameworks/Python.framework/Versions/2.7/include/python2.7  -I/System/Library/Frameworks/Python.framework/Versions/2.7/include/python2.7 conftest.cpp >&5
configure:18039: $? = 0
configure:18054: result: yes
configure:18073: checking for exit in -lboost_python
configure:18098: g++ -o conftest -Wall -Wextra -ftemplate-backtrace-limit=0  -DNDEBUG -std=gnu++11 -ftemplate-depth-250 -Wno-deprecated -Wno-unknown-pragmas -O3 -fvisibility=default -fvisibility-inlines-hidden -Wno-unknown-pragmas  -I/System/Library/Frameworks/Python.framework/Versions/2.7/include/python2.7  -L/System/Library/Frameworks/Python.framework/Versions/2.7/lib -lpython2.7 conftest.cpp -lboost_python -L/System/Library/Frameworks/Python.framework/Versions/2.7/lib -lpython2.7 -lexpat -lbz2 -lm  >&5
configure:18098: $? = 0
configure:18108: result: yes
configure:18121: checking whether the Boost::Iostreams library is available
configure:18155: g++ -c -Wall -Wextra -ftemplate-backtrace-limit=0  -DNDEBUG -std=gnu++11 -ftemplate-depth-250 -Wno-deprecated -Wno-unknown-pragmas -O3 -fvisibility=default -fvisibility-inlines-hidden -Wno-unknown-pragmas  -I/System/Library/Frameworks/Python.framework/Versions/2.7/include/python2.7 conftest.cpp >&5
configure:18155: $? = 0
configure:18170: result: yes
configure:18188: checking for exit in -lboost_iostreams
configure:18213: g++ -o conftest -Wall -Wextra -ftemplate-backtrace-limit=0  -DNDEBUG -std=gnu++11 -ftemplate-depth-250 -Wno-deprecated -Wno-unknown-pragmas -O3 -fvisibility=default -fvisibility-inlines-hidden -Wno-unknown-pragmas  -I/System/Library/Frameworks/Python.framework/Versions/2.7/include/python2.7  -L/System/Library/Frameworks/Python.framework/Versions/2.7/lib -lpython2.7 conftest.cpp -lboost_iostreams  -lexpat -lbz2 -lm  >&5
configure:18213: $? = 0
configure:18223: result: yes
configure:18236: checking whether the Boost::Regex library is available
configure:18265: g++ -c -Wall -Wextra -ftemplate-backtrace-limit=0  -DNDEBUG -std=gnu++11 -ftemplate-depth-250 -Wno-deprecated -Wno-unknown-pragmas -O3 -fvisibility=default -fvisibility-inlines-hidden -Wno-unknown-pragmas  -I/System/Library/Frameworks/Python.framework/Versions/2.7/include/python2.7 conftest.cpp >&5
conftest.cpp:42:15: warning: empty parentheses interpreted as a function declaration [-Wvexing-parse]
boost::regex r(); return 0;
              ^~
conftest.cpp:42:15: note: remove parentheses to declare a variable
boost::regex r(); return 0;
              ^~
1 warning generated.
configure:18265: $? = 0
configure:18280: result: yes
configure:18298: checking for exit in -lboost_regex
configure:18323: g++ -o conftest -Wall -Wextra -ftemplate-backtrace-limit=0  -DNDEBUG -std=gnu++11 -ftemplate-depth-250 -Wno-deprecated -Wno-unknown-pragmas -O3 -fvisibility=default -fvisibility-inlines-hidden -Wno-unknown-pragmas  -I/System/Library/Frameworks/Python.framework/Versions/2.7/include/python2.7  -L/System/Library/Frameworks/Python.framework/Versions/2.7/lib -lpython2.7 conftest.cpp -lboost_regex  -lexpat -lbz2 -lm  >&5
configure:18323: $? = 0
configure:18333: result: yes
configure:18347: checking whether the Boost::Graph library is available
configure:18378: g++ -c -Wall -Wextra -ftemplate-backtrace-limit=0  -DNDEBUG -std=gnu++11 -ftemplate-depth-250 -Wno-deprecated -Wno-unknown-pragmas -O3 -fvisibility=default -fvisibility-inlines-hidden -Wno-unknown-pragmas  -I/System/Library/Frameworks/Python.framework/Versions/2.7/include/python2.7 conftest.cpp >&5
configure:18378: $? = 0
configure:18393: result: yes
configure:18411: checking for exit in -lboost_graph
configure:18436: g++ -o conftest -Wall -Wextra -ftemplate-backtrace-limit=0  -DNDEBUG -std=gnu++11 -ftemplate-depth-250 -Wno-deprecated -Wno-unknown-pragmas -O3 -fvisibility=default -fvisibility-inlines-hidden -Wno-unknown-pragmas  -I/System/Library/Frameworks/Python.framework/Versions/2.7/include/python2.7  -L/System/Library/Frameworks/Python.framework/Versions/2.7/lib -lpython2.7 conftest.cpp -lboost_graph  -lexpat -lbz2 -lm  >&5
configure:18436: $? = 0
configure:18446: result: yes
configure:18462: checking for main in -lCGAL
configure:18481: g++ -o conftest -Wall -Wextra -ftemplate-backtrace-limit=0  -DNDEBUG -std=gnu++11 -ftemplate-depth-250 -Wno-deprecated -Wno-unknown-pragmas -O3 -fvisibility=default -fvisibility-inlines-hidden -Wno-unknown-pragmas  -I/System/Library/Frameworks/Python.framework/Versions/2.7/include/python2.7 -I/usr/local/include  -L/System/Library/Frameworks/Python.framework/Versions/2.7/lib -lpython2.7 conftest.cpp -lCGAL  -lexpat -lbz2 -lm  >&5
configure:18481: $? = 0
configure:18490: result: yes
configure:18504: checking whether to cgal debbuging with valgrind...
configure:18518: result: no
configure:18532: checking python module: numpy
configure:18537: result: yes
configure:18560: checking for /Users/JKeto/Documents/Development/fufuka/microblog/flask/venv/lib/python2.7/site-packages/numpy/core/include/numpy/arrayobject.h
configure:18560: g++ -c -Wall -Wextra -ftemplate-backtrace-limit=0  -DNDEBUG -std=gnu++11 -ftemplate-depth-250 -Wno-deprecated -Wno-unknown-pragmas -O3 -fvisibility=default -fvisibility-inlines-hidden -Wno-unknown-pragmas  -I/System/Library/Frameworks/Python.framework/Versions/2.7/include/python2.7 -I/usr/local/include conftest.cpp >&5
In file included from conftest.cpp:41:
In file included from /Users/JKeto/Documents/Development/fufuka/microblog/flask/venv/lib/python2.7/site-packages/numpy/core/include/numpy/arrayobject.h:4:
In file included from /Users/JKeto/Documents/Development/fufuka/microblog/flask/venv/lib/python2.7/site-packages/numpy/core/include/numpy/ndarrayobject.h:17:
In file included from /Users/JKeto/Documents/Development/fufuka/microblog/flask/venv/lib/python2.7/site-packages/numpy/core/include/numpy/ndarraytypes.h:1804:
/Users/JKeto/Documents/Development/fufuka/microblog/flask/venv/lib/python2.7/site-packages/numpy/core/include/numpy/npy_1_7_deprecated_api.h:15:2: warning: "Using deprecated NumPy API, disable it by "          "#defining NPY_NO_DEPRECATED_API NPY_1_7_API_VERSION" [-W#warnings]
#warning "Using deprecated NumPy API, disable it by " \
 ^
In file included from conftest.cpp:41:
In file included from /Users/JKeto/Documents/Development/fufuka/microblog/flask/venv/lib/python2.7/site-packages/numpy/core/include/numpy/arrayobject.h:4:
In file included from /Users/JKeto/Documents/Development/fufuka/microblog/flask/venv/lib/python2.7/site-packages/numpy/core/include/numpy/ndarrayobject.h:26:
/Users/JKeto/Documents/Development/fufuka/microblog/flask/venv/lib/python2.7/site-packages/numpy/core/include/numpy/__multiarray_api.h:1629:1: warning: unused function '_import_array' [-Wunused-function]
_import_array(void)
^
2 warnings generated.
configure:18560: $? = 0
configure:18560: result: yes
configure:18576: checking python module: scipy
configure:18581: result: yes
configure:18604: checking /Users/JKeto/Documents/Development/fufuka/microblog/flask/venv/lib/python2.7/site-packages/scipy/weave/scxx/object.h usability
configure:18604: g++ -c -Wall -Wextra -ftemplate-backtrace-limit=0  -DNDEBUG -std=gnu++11 -ftemplate-depth-250 -Wno-deprecated -Wno-unknown-pragmas -O3 -fvisibility=default -fvisibility-inlines-hidden -Wno-unknown-pragmas  -I/System/Library/Frameworks/Python.framework/Versions/2.7/include/python2.7 -I/usr/local/include -I/Users/JKeto/Documents/Development/fufuka/microblog/flask/venv/lib/python2.7/site-packages/numpy/core/include conftest.cpp >&5
configure:18604: $? = 0
configure:18604: result: yes
configure:18604: checking /Users/JKeto/Documents/Development/fufuka/microblog/flask/venv/lib/python2.7/site-packages/scipy/weave/scxx/object.h presence
configure:18604: g++ -E  -I/System/Library/Frameworks/Python.framework/Versions/2.7/include/python2.7 -I/usr/local/include -I/Users/JKeto/Documents/Development/fufuka/microblog/flask/venv/lib/python2.7/site-packages/numpy/core/include conftest.cpp
configure:18604: $? = 0
configure:18604: result: yes
configure:18604: checking for /Users/JKeto/Documents/Development/fufuka/microblog/flask/venv/lib/python2.7/site-packages/scipy/weave/scxx/object.h
configure:18604: result: yes
configure:18617: checking expat.h usability
configure:18617: g++ -c -Wall -Wextra -ftemplate-backtrace-limit=0  -DNDEBUG -std=gnu++11 -ftemplate-depth-250 -Wno-deprecated -Wno-unknown-pragmas -O3 -fvisibility=default -fvisibility-inlines-hidden -Wno-unknown-pragmas  -I/System/Library/Frameworks/Python.framework/Versions/2.7/include/python2.7 -I/usr/local/include -I/Users/JKeto/Documents/Development/fufuka/microblog/flask/venv/lib/python2.7/site-packages/numpy/core/include -I/Users/JKeto/Documents/Development/fufuka/microblog/flask/venv/lib/python2.7/site-packages/scipy conftest.cpp >&5
configure:18617: $? = 0
configure:18617: result: yes
configure:18617: checking expat.h presence
configure:18617: g++ -E  -I/System/Library/Frameworks/Python.framework/Versions/2.7/include/python2.7 -I/usr/local/include -I/Users/JKeto/Documents/Development/fufuka/microblog/flask/venv/lib/python2.7/site-packages/numpy/core/include -I/Users/JKeto/Documents/Development/fufuka/microblog/flask/venv/lib/python2.7/site-packages/scipy conftest.cpp
configure:18617: $? = 0
configure:18617: result: yes
configure:18617: checking for expat.h
configure:18617: result: yes
configure:18626: checking CGAL/version.h usability
configure:18626: g++ -c -Wall -Wextra -ftemplate-backtrace-limit=0  -DNDEBUG -std=gnu++11 -ftemplate-depth-250 -Wno-deprecated -Wno-unknown-pragmas -O3 -fvisibility=default -fvisibility-inlines-hidden -Wno-unknown-pragmas  -I/System/Library/Frameworks/Python.framework/Versions/2.7/include/python2.7 -I/usr/local/include -I/Users/JKeto/Documents/Development/fufuka/microblog/flask/venv/lib/python2.7/site-packages/numpy/core/include -I/Users/JKeto/Documents/Development/fufuka/microblog/flask/venv/lib/python2.7/site-packages/scipy conftest.cpp >&5
configure:18626: $? = 0
configure:18626: result: yes
configure:18626: checking CGAL/version.h presence
configure:18626: g++ -E  -I/System/Library/Frameworks/Python.framework/Versions/2.7/include/python2.7 -I/usr/local/include -I/Users/JKeto/Documents/Development/fufuka/microblog/flask/venv/lib/python2.7/site-packages/numpy/core/include -I/Users/JKeto/Documents/Development/fufuka/microblog/flask/venv/lib/python2.7/site-packages/scipy conftest.cpp
configure:18626: $? = 0
configure:18626: result: yes
configure:18626: checking for CGAL/version.h
configure:18626: result: yes
configure:18691: checking for pkg-config
configure:18709: found /usr/local/bin/pkg-config
configure:18721: result: /usr/local/bin/pkg-config
configure:18746: checking pkg-config is at least version 0.9.0
configure:18749: result: yes
configure:18759: checking for CAIROMM
configure:18766: $PKG_CONFIG --exists --print-errors "cairomm-1.0"
configure:18769: $? = 0
configure:18783: $PKG_CONFIG --exists --print-errors "cairomm-1.0"
configure:18786: $? = 0
configure:18844: result: yes
configure:18858: checking python module: cairo
configure:18867: result: no
configure:18882: checking pycairo/pycairo.h usability
configure:18882: g++ -c -Wall -Wextra -ftemplate-backtrace-limit=0  -DNDEBUG -std=gnu++11 -ftemplate-depth-250 -Wno-deprecated -Wno-unknown-pragmas -O3 -fvisibility=default -fvisibility-inlines-hidden -Wno-unknown-pragmas -I/usr/local/Cellar/cairomm/1.11.2_1/include/cairomm-1.0 -I/usr/local/Cellar/cairomm/1.11.2_1/lib/cairomm-1.0/include -I/usr/local/Cellar/cairo/1.14.2_1/include/cairo -I/usr/local/Cellar/glib/2.44.1/include/glib-2.0 -I/usr/local/Cellar/glib/2.44.1/lib/glib-2.0/include -I/usr/local/opt/gettext/include -I/usr/local/Cellar/pixman/0.32.6/include/pixman-1 -I/usr/local/Cellar/fontconfig/2.11.1/include -I/usr/local/Cellar/freetype/2.5.3_1/include/freetype2 -I/usr/local/Cellar/freetype/2.6_1/include/freetype2 -I/usr/local/Cellar/libpng/1.6.17/include/libpng16 -I/usr/local/Cellar/libsigc++/2.4.1/include/sigc++-2.0 -I/usr/local/Cellar/libsigc++/2.4.1/lib/sigc++-2.0/include   -I/System/Library/Frameworks/Python.framework/Versions/2.7/include/python2.7 -I/usr/local/include -I/Users/JKeto/Documents/Development/fufuka/microblog/flask/venv/lib/python2.7/site-packages/numpy/core/include -I/Users/JKeto/Documents/Development/fufuka/microblog/flask/venv/lib/python2.7/site-packages/scipy -I/usr/local/Cellar/cairomm/1.11.2_1/include/cairomm-1.0 -I/usr/local/Cellar/cairomm/1.11.2_1/lib/cairomm-1.0/include -I/usr/local/Cellar/cairo/1.14.2_1/include/cairo -I/usr/local/Cellar/glib/2.44.1/include/glib-2.0 -I/usr/local/Cellar/glib/2.44.1/lib/glib-2.0/include -I/usr/local/opt/gettext/include -I/usr/local/Cellar/pixman/0.32.6/include/pixman-1 -I/usr/local/Cellar/fontconfig/2.11.1/include -I/usr/local/Cellar/freetype/2.5.3_1/include/freetype2 -I/usr/local/Cellar/freetype/2.6_1/include/freetype2 -I/usr/local/Cellar/libpng/1.6.17/include/libpng16 -I/usr/local/Cellar/libsigc++/2.4.1/include/sigc++-2.0 -I/usr/local/Cellar/libsigc++/2.4.1/lib/sigc++-2.0/include  conftest.cpp >&5
configure:18882: $? = 0
configure:18882: result: yes
configure:18882: checking pycairo/pycairo.h presence
configure:18882: g++ -E  -I/System/Library/Frameworks/Python.framework/Versions/2.7/include/python2.7 -I/usr/local/include -I/Users/JKeto/Documents/Development/fufuka/microblog/flask/venv/lib/python2.7/site-packages/numpy/core/include -I/Users/JKeto/Documents/Development/fufuka/microblog/flask/venv/lib/python2.7/site-packages/scipy -I/usr/local/Cellar/cairomm/1.11.2_1/include/cairomm-1.0 -I/usr/local/Cellar/cairomm/1.11.2_1/lib/cairomm-1.0/include -I/usr/local/Cellar/cairo/1.14.2_1/include/cairo -I/usr/local/Cellar/glib/2.44.1/include/glib-2.0 -I/usr/local/Cellar/glib/2.44.1/lib/glib-2.0/include -I/usr/local/opt/gettext/include -I/usr/local/Cellar/pixman/0.32.6/include/pixman-1 -I/usr/local/Cellar/fontconfig/2.11.1/include -I/usr/local/Cellar/freetype/2.5.3_1/include/freetype2 -I/usr/local/Cellar/freetype/2.6_1/include/freetype2 -I/usr/local/Cellar/libpng/1.6.17/include/libpng16 -I/usr/local/Cellar/libsigc++/2.4.1/include/sigc++-2.0 -I/usr/local/Cellar/libsigc++/2.4.1/lib/sigc++-2.0/include  conftest.cpp
configure:18882: $? = 0
configure:18882: result: yes
configure:18882: checking for pycairo/pycairo.h
configure:18882: result: yes
configure:18903: checking whether to enable sparsehash...
configure:18917: result: yes
configure:18926: checking for SPARSEHASH
configure:18933: $PKG_CONFIG --exists --print-errors "libsparsehash"
configure:18936: $? = 0
configure:18950: $PKG_CONFIG --exists --print-errors "libsparsehash"
configure:18953: $? = 0
configure:18993: result: yes
configure:19010: checking sparsehash/dense_hash_set usability
configure:19010: g++ -c -Wall -Wextra -ftemplate-backtrace-limit=0  -DNDEBUG -std=gnu++11 -ftemplate-depth-250 -Wno-deprecated -Wno-unknown-pragmas -O3 -fvisibility=default -fvisibility-inlines-hidden -Wno-unknown-pragmas -I/usr/local/Cellar/google-sparsehash/2.0.2/include  -DSPARSEHASH_PREFIX=sparsehash  -I/System/Library/Frameworks/Python.framework/Versions/2.7/include/python2.7 -I/usr/local/include -I/Users/JKeto/Documents/Development/fufuka/microblog/flask/venv/lib/python2.7/site-packages/numpy/core/include -I/Users/JKeto/Documents/Development/fufuka/microblog/flask/venv/lib/python2.7/site-packages/scipy -I/usr/local/Cellar/google-sparsehash/2.0.2/include  -DSPARSEHASH_PREFIX=sparsehash conftest.cpp >&5
configure:19010: $? = 0
configure:19010: result: yes
configure:19010: checking sparsehash/dense_hash_set presence
configure:19010: g++ -E  -I/System/Library/Frameworks/Python.framework/Versions/2.7/include/python2.7 -I/usr/local/include -I/Users/JKeto/Documents/Development/fufuka/microblog/flask/venv/lib/python2.7/site-packages/numpy/core/include -I/Users/JKeto/Documents/Development/fufuka/microblog/flask/venv/lib/python2.7/site-packages/scipy -I/usr/local/Cellar/google-sparsehash/2.0.2/include  -DSPARSEHASH_PREFIX=sparsehash conftest.cpp
configure:19010: $? = 0
configure:19010: result: yes
configure:19010: checking for sparsehash/dense_hash_set
configure:19010: result: yes
configure:19259: checking that generated files are newer than configure
configure:19265: result: done
configure:19296: creating ./config.status

## ---------------------- ##
## Running config.status. ##
## ---------------------- ##

This file was extended by graph-tool config.status 2.2.44, which was
generated by GNU Autoconf 2.69.  Invocation command line was

  CONFIG_FILES    = 
  CONFIG_HEADERS  = 
  CONFIG_LINKS    = 
  CONFIG_COMMANDS = 
  $ ./config.status 

on JKetos-MacBook-Pro.local

config.status:1255: creating Makefile
config.status:1255: creating src/Makefile
config.status:1255: creating src/graph/Makefile
config.status:1255: creating src/graph/centrality/Makefile
config.status:1255: creating src/graph/clustering/Makefile
config.status:1255: creating src/graph/community/Makefile
config.status:1255: creating src/graph/correlations/Makefile
config.status:1255: creating src/graph/draw/Makefile
config.status:1255: creating src/graph/flow/Makefile
config.status:1255: creating src/graph/generation/Makefile
config.status:1255: creating src/graph/layout/Makefile
config.status:1255: creating src/graph/search/Makefile
config.status:1255: creating src/graph/spectral/Makefile
config.status:1255: creating src/graph/stats/Makefile
config.status:1255: creating src/graph/topology/Makefile
config.status:1255: creating src/graph/util/Makefile
config.status:1255: creating src/graph_tool/Makefile
config.status:1255: creating config.h
config.status:1484: executing depfiles commands
config.status:1484: executing libtool commands

## ---------------- ##
## Cache variables. ##
## ---------------- ##

ac_cv_boost_graph=yes
ac_cv_boost_iostreams=yes
ac_cv_boost_python=yes
ac_cv_boost_regex=yes
ac_cv_build=x86_64-apple-darwin14.4.0
ac_cv_c_compiler_gnu=yes
ac_cv_cxx_compiler_gnu=yes
ac_cv_env_CAIROMM_CFLAGS_set=
ac_cv_env_CAIROMM_CFLAGS_value=
ac_cv_env_CAIROMM_LIBS_set=
ac_cv_env_CAIROMM_LIBS_value=
ac_cv_env_CCC_set=
ac_cv_env_CCC_value=
ac_cv_env_CC_set=
ac_cv_env_CC_value=
ac_cv_env_CFLAGS_set=
ac_cv_env_CFLAGS_value=
ac_cv_env_CPPFLAGS_set=
ac_cv_env_CPPFLAGS_value=
ac_cv_env_CPP_set=
ac_cv_env_CPP_value=
ac_cv_env_CXXCPP_set=
ac_cv_env_CXXCPP_value=
ac_cv_env_CXXFLAGS_set=
ac_cv_env_CXXFLAGS_value=
ac_cv_env_CXX_set=
ac_cv_env_CXX_value=
ac_cv_env_LDFLAGS_set=
ac_cv_env_LDFLAGS_value=
ac_cv_env_LIBS_set=
ac_cv_env_LIBS_value=
ac_cv_env_LT_SYS_LIBRARY_PATH_set=
ac_cv_env_LT_SYS_LIBRARY_PATH_value=
ac_cv_env_PKG_CONFIG_LIBDIR_set=
ac_cv_env_PKG_CONFIG_LIBDIR_value=
ac_cv_env_PKG_CONFIG_PATH_set=
ac_cv_env_PKG_CONFIG_PATH_value=
ac_cv_env_PKG_CONFIG_set=
ac_cv_env_PKG_CONFIG_value=
ac_cv_env_PYTHON_VERSION_set=
ac_cv_env_PYTHON_VERSION_value=
ac_cv_env_PYTHON_set=
ac_cv_env_PYTHON_value=
ac_cv_env_SPARSEHASH_CFLAGS_set=
ac_cv_env_SPARSEHASH_CFLAGS_value=
ac_cv_env_SPARSEHASH_LIBS_set=
ac_cv_env_SPARSEHASH_LIBS_value=
ac_cv_env_build_alias_set=
ac_cv_env_build_alias_value=
ac_cv_env_host_alias_set=
ac_cv_env_host_alias_value=
ac_cv_env_target_alias_set=
ac_cv_env_target_alias_value=
ac_cv_header_CGAL_version_h=yes
ac_cv_header__Users_JKeto_Documents_Development_fufuka_microblog_flask_venv_lib_python2_7_site_packages_numpy_core_include_numpy_arrayobject_h=yes
ac_cv_header__Users_JKeto_Documents_Development_fufuka_microblog_flask_venv_lib_python2_7_site_packages_scipy_weave_scxx_object_h=yes
ac_cv_header_dlfcn_h=yes
ac_cv_header_expat_h=yes
ac_cv_header_inttypes_h=yes
ac_cv_header_memory_h=yes
ac_cv_header_minix_config_h=no
ac_cv_header_pycairo_pycairo_h=yes
ac_cv_header_sparsehash_dense_hash_set=yes
ac_cv_header_stdc=yes
ac_cv_header_stdint_h=yes
ac_cv_header_stdlib_h=yes
ac_cv_header_string_h=yes
ac_cv_header_strings_h=yes
ac_cv_header_sys_stat_h=yes
ac_cv_header_sys_types_h=yes
ac_cv_header_unistd_h=yes
ac_cv_host=x86_64-apple-darwin14.4.0
ac_cv_lib_CGAL_main=yes
ac_cv_lib_boost_graph___exit=yes
ac_cv_lib_boost_iostreams___exit=yes
ac_cv_lib_boost_python___exit=yes
ac_cv_lib_boost_regex___exit=yes
ac_cv_lib_bz2_main=yes
ac_cv_lib_expat_main=yes
ac_cv_lib_m_main=yes
ac_cv_objext=o
ac_cv_path_EGREP='/usr/bin/grep -E'
ac_cv_path_FGREP='/usr/bin/grep -F'
ac_cv_path_GREP=/usr/bin/grep
ac_cv_path_PYTHON=/Users/JKeto/Documents/Development/fufuka/microblog/flask/venv/bin/python
ac_cv_path_SED=/usr/bin/sed
ac_cv_path_ac_pt_PKG_CONFIG=/usr/local/bin/pkg-config
ac_cv_path_install='/usr/bin/install -c'
ac_cv_path_lt_DD=/bin/dd
ac_cv_prog_AWK=awk
ac_cv_prog_CPP='gcc -E'
ac_cv_prog_CXXCPP='g++ -E'
ac_cv_prog_ac_ct_AR=ar
ac_cv_prog_ac_ct_CC=gcc
ac_cv_prog_ac_ct_CXX=g++
ac_cv_prog_ac_ct_DSYMUTIL=dsymutil
ac_cv_prog_ac_ct_LIPO=lipo
ac_cv_prog_ac_ct_NMEDIT=nmedit
ac_cv_prog_ac_ct_OTOOL=otool
ac_cv_prog_ac_ct_RANLIB=ranlib
ac_cv_prog_ac_ct_STRIP=strip
ac_cv_prog_cc_c89=
ac_cv_prog_cc_c99=no
ac_cv_prog_cc_g=yes
ac_cv_prog_cc_stdc=
ac_cv_prog_cxx_g=yes
ac_cv_prog_make_make_set=yes
ac_cv_safe_to_define___extensions__=yes
ac_cv_search_strerror='none required'
ac_cv_target=x86_64-apple-darwin14.4.0
am_cv_CC_dependencies_compiler_type=gcc3
am_cv_CXX_dependencies_compiler_type=gcc3
am_cv_make_support_nested_variables=yes
am_cv_pathless_PYTHON=python
am_cv_prog_cc_c_o=yes
am_cv_python_platform=darwin
am_cv_python_pyexecdir='${exec_prefix}/lib/python2.7/site-packages'
am_cv_python_pythondir='${prefix}/lib/python2.7/site-packages'
am_cv_python_version=2.7
lt_cv_apple_cc_single_mod=yes
lt_cv_ar_at_file=no
lt_cv_deplibs_check_method=pass_all
lt_cv_file_magic_cmd='$MAGIC_CMD'
lt_cv_file_magic_test_file=
lt_cv_ld_exported_symbols_list=yes
lt_cv_ld_force_load=yes
lt_cv_ld_reload_flag=-r
lt_cv_nm_interface='BSD nm'
lt_cv_objdir=.libs
lt_cv_path_LD=/Applications/Xcode.app/Contents/Developer/Toolchains/XcodeDefault.xctoolchain/usr/bin/ld
lt_cv_path_LDCXX=/Applications/Xcode.app/Contents/Developer/Toolchains/XcodeDefault.xctoolchain/usr/bin/ld
lt_cv_path_NM=/usr/bin/nm
lt_cv_path_mainfest_tool=no
lt_cv_prog_compiler_c_o=yes
lt_cv_prog_compiler_c_o_CXX=yes
lt_cv_prog_compiler_pic='-fno-common -DPIC'
lt_cv_prog_compiler_pic_CXX='-fno-common -DPIC'
lt_cv_prog_compiler_pic_works=yes
lt_cv_prog_compiler_pic_works_CXX=yes
lt_cv_prog_compiler_rtti_exceptions=yes
lt_cv_prog_compiler_static_works=no
lt_cv_prog_compiler_static_works_CXX=no
lt_cv_prog_gnu_ld=no
lt_cv_prog_gnu_ldcxx=no
lt_cv_sharedlib_from_linklib_cmd='printf %s\n'
lt_cv_sys_global_symbol_pipe='sed -n -e '\''s/^.*[	 ]\([BCDEGRST][BCDEGRST]*\)[	 ][	 ]*_\([_A-Za-z][_A-Za-z0-9]*\)$/\1 _\2 \2/p'\'' | sed '\''/ __gnu_lto/d'\'''
lt_cv_sys_global_symbol_to_c_name_address='sed -n -e '\''s/^: \(.*\) .*$/  {"\1", (void *) 0},/p'\'' -e '\''s/^[BCDEGRST][BCDEGRST]* .* \(.*\)$/  {"\1", (void *) \&\1},/p'\'''
lt_cv_sys_global_symbol_to_c_name_address_lib_prefix='sed -n -e '\''s/^: \(.*\) .*$/  {"\1", (void *) 0},/p'\'' -e '\''s/^[BCDEGRST][BCDEGRST]* .* \(lib.*\)$/  {"\1", (void *) \&\1},/p'\'' -e '\''s/^[BCDEGRST][BCDEGRST]* .* \(.*\)$/  {"lib\1", (void *) \&\1},/p'\'''
lt_cv_sys_global_symbol_to_cdecl='sed -n -e '\''s/^T .* \(.*\)$/extern int \1();/p'\'' -e '\''s/^[BCDEGRST][BCDEGRST]* .* \(.*\)$/extern char \1;/p'\'''
lt_cv_sys_global_symbol_to_import=
lt_cv_sys_max_cmd_len=196608
lt_cv_to_host_file_cmd=func_convert_file_noop
lt_cv_to_tool_file_cmd=func_convert_file_noop
lt_cv_truncate_bin='/bin/dd bs=4096 count=1'
pkg_cv_CAIROMM_CFLAGS='-I/usr/local/Cellar/cairomm/1.11.2_1/include/cairomm-1.0 -I/usr/local/Cellar/cairomm/1.11.2_1/lib/cairomm-1.0/include -I/usr/local/Cellar/cairo/1.14.2_1/include/cairo -I/usr/local/Cellar/glib/2.44.1/include/glib-2.0 -I/usr/local/Cellar/glib/2.44.1/lib/glib-2.0/include -I/usr/local/opt/gettext/include -I/usr/local/Cellar/pixman/0.32.6/include/pixman-1 -I/usr/local/Cellar/fontconfig/2.11.1/include -I/usr/local/Cellar/freetype/2.5.3_1/include/freetype2 -I/usr/local/Cellar/freetype/2.6_1/include/freetype2 -I/usr/local/Cellar/libpng/1.6.17/include/libpng16 -I/usr/local/Cellar/libsigc++/2.4.1/include/sigc++-2.0 -I/usr/local/Cellar/libsigc++/2.4.1/lib/sigc++-2.0/include '
pkg_cv_CAIROMM_LIBS='-L/usr/local/Cellar/cairomm/1.11.2_1/lib -L/usr/local/Cellar/cairo/1.14.2_1/lib -L/usr/local/Cellar/libsigc++/2.4.1/lib -lcairomm-1.0 -lcairo -lsigc-2.0 '
pkg_cv_SPARSEHASH_CFLAGS='-I/usr/local/Cellar/google-sparsehash/2.0.2/include '
pkg_cv_SPARSEHASH_LIBS=

## ----------------- ##
## Output variables. ##
## ----------------- ##

ACLOCAL='${SHELL} /Users/JKeto/Documents/Development/fufuka/graph-tool/missing aclocal-1.15'
AMDEPBACKSLASH='\'
AMDEP_FALSE='#'
AMDEP_TRUE=''
AMTAR='$${TAR-tar}'
AM_BACKSLASH='\'
AM_DEFAULT_V='$(AM_DEFAULT_VERBOSITY)'
AM_DEFAULT_VERBOSITY='0'
AM_V='$(V)'
AR='ar'
AUTOCONF='${SHELL} /Users/JKeto/Documents/Development/fufuka/graph-tool/missing autoconf'
AUTOHEADER='${SHELL} /Users/JKeto/Documents/Development/fufuka/graph-tool/missing autoheader'
AUTOMAKE='${SHELL} /Users/JKeto/Documents/Development/fufuka/graph-tool/missing automake-1.15'
AWK='awk'
BOOST_CPPFLAGS='-I/usr/local/include'
BOOST_GRAPH_LIB='boost_graph'
BOOST_IOSTREAMS_LIB='boost_iostreams'
BOOST_LDFLAGS='-L/usr/local/lib'
BOOST_PYTHON_LIB='boost_python'
BOOST_REGEX_LIB='boost_regex'
CAIROMM_CFLAGS='-I/usr/local/Cellar/cairomm/1.11.2_1/include/cairomm-1.0 -I/usr/local/Cellar/cairomm/1.11.2_1/lib/cairomm-1.0/include -I/usr/local/Cellar/cairo/1.14.2_1/include/cairo -I/usr/local/Cellar/glib/2.44.1/include/glib-2.0 -I/usr/local/Cellar/glib/2.44.1/lib/glib-2.0/include -I/usr/local/opt/gettext/include -I/usr/local/Cellar/pixman/0.32.6/include/pixman-1 -I/usr/local/Cellar/fontconfig/2.11.1/include -I/usr/local/Cellar/freetype/2.5.3_1/include/freetype2 -I/usr/local/Cellar/freetype/2.6_1/include/freetype2 -I/usr/local/Cellar/libpng/1.6.17/include/libpng16 -I/usr/local/Cellar/libsigc++/2.4.1/include/sigc++-2.0 -I/usr/local/Cellar/libsigc++/2.4.1/lib/sigc++-2.0/include '
CAIROMM_LIBS='-L/usr/local/Cellar/cairomm/1.11.2_1/lib -L/usr/local/Cellar/cairo/1.14.2_1/lib -L/usr/local/Cellar/libsigc++/2.4.1/lib -lcairomm-1.0 -lcairo -lsigc-2.0 '
CC='gcc'
CCDEPMODE='depmode=gcc3'
CFLAGS='-g -O2'
CGAL_FLAGS='-frounding-math'
CGAL_LIBADD='-lCGAL -lgmp'
CPP='gcc -E'
CPPFLAGS=' -I/System/Library/Frameworks/Python.framework/Versions/2.7/include/python2.7 -I/usr/local/include -I/Users/JKeto/Documents/Development/fufuka/microblog/flask/venv/lib/python2.7/site-packages/numpy/core/include -I/Users/JKeto/Documents/Development/fufuka/microblog/flask/venv/lib/python2.7/site-packages/scipy -I/usr/local/Cellar/google-sparsehash/2.0.2/include  -DSPARSEHASH_PREFIX=sparsehash'
CXX='g++'
CXXCPP='g++ -E'
CXXDEPMODE='depmode=gcc3'
CXXFLAGS='-Wall -Wextra -ftemplate-backtrace-limit=0  -DNDEBUG -std=gnu++11 -ftemplate-depth-250 -Wno-deprecated -Wno-unknown-pragmas -O3 -fvisibility=default -fvisibility-inlines-hidden -Wno-unknown-pragmas -I/usr/local/Cellar/google-sparsehash/2.0.2/include  -DSPARSEHASH_PREFIX=sparsehash'
CYGPATH_W='echo'
DEFS='-DHAVE_CONFIG_H'
DEPDIR='.deps'
DLLTOOL='false'
DSYMUTIL='dsymutil'
DUMPBIN=''
ECHO_C='\c'
ECHO_N=''
ECHO_T=''
EGREP='/usr/bin/grep -E'
EXEEXT=''
FGREP='/usr/bin/grep -F'
GRAPH_TOOL_VERSION_MAJOR='2'
GRAPH_TOOL_VERSION_MICRO='44'
GRAPH_TOOL_VERSION_MINOR='2'
GREP='/usr/bin/grep'
INSTALL_DATA='${INSTALL} -m 644'
INSTALL_PROGRAM='${INSTALL}'
INSTALL_SCRIPT='${INSTALL}'
INSTALL_STRIP_PROGRAM='$(install_sh) -c -s'
LD='/Applications/Xcode.app/Contents/Developer/Toolchains/XcodeDefault.xctoolchain/usr/bin/ld'
LDFLAGS=' -L/System/Library/Frameworks/Python.framework/Versions/2.7/lib -lpython2.7'
LIBOBJS=''
LIBS='-lCGAL -lexpat -lbz2 -lm '
LIBTOOL='$(SHELL) $(top_builddir)/libtool'
LIPO='lipo'
LN_S='ln -s'
LTLIBOBJS=''
LT_SYS_LIBRARY_PATH=''
MAKEINFO='${SHELL} /Users/JKeto/Documents/Development/fufuka/graph-tool/missing makeinfo'
MANIFEST_TOOL=':'
MKDIR_P='./install-sh -c -d'
MOD_CPPFLAGS='-I$(srcdir) -I$(srcdir)/.. -I$(srcdir)/../../boost-workaround -DHAVE_CONFIG_H'
MOD_DIR='/Users/JKeto/Documents/Development/fufuka/microblog/flask/venv/lib/python2.7/site-packages/graph_tool'
MOD_LDFLAGS='-module -dynamiclib'
MOD_LIBADD='-L/System/Library/Frameworks/Python.framework/Versions/2.7/lib -lpython2.7 -lboost_iostreams -lboost_python -lboost_regex  -lexpat'
NM='/usr/bin/nm'
NMEDIT='nmedit'
NO_INLINE_FALSE=''
NO_INLINE_TRUE='#'
NO_PREFIX_PACKAGE_DATA_DIR='share/graph-tool'
NO_PREFIX_PACKAGE_DOC_DIR='doc/graph-tool'
OBJDUMP='false'
OBJEXT='o'
OPENMP_LDFLAGS=''
OTOOL64=':'
OTOOL='otool'
PACKAGE='graph-tool'
PACKAGE_BUGREPORT='http://graph-tool.skewed.de/tickets'
PACKAGE_DATA_DIR='/usr/local/share/graph-tool'
PACKAGE_DOC_DIR='${datarootdir}/doc/${PACKAGE_TARNAME}'
PACKAGE_NAME='graph-tool'
PACKAGE_STRING='graph-tool 2.2.44'
PACKAGE_TARNAME='graph-tool'
PACKAGE_URL='http://graph-tool.skewed.de'
PACKAGE_VERSION='2.2.44'
PATH_SEPARATOR=':'
PKG_CONFIG='/usr/local/bin/pkg-config'
PKG_CONFIG_LIBDIR=''
PKG_CONFIG_PATH=''
PYTHON='/Users/JKeto/Documents/Development/fufuka/microblog/flask/venv/bin/python'
PYTHON_CPPFLAGS='-I/System/Library/Frameworks/Python.framework/Versions/2.7/include/python2.7'
PYTHON_EXEC_PREFIX='${exec_prefix}'
PYTHON_EXTRA_LDFLAGS='-u _PyMac_Error /System/Library/Frameworks/Python.framework/Versions/2.7/Python'
PYTHON_EXTRA_LIBS='-ldl  -framework CoreFoundation '
PYTHON_FULL_VERSION='2.7.6'
PYTHON_LDFLAGS='-L/System/Library/Frameworks/Python.framework/Versions/2.7/lib -lpython2.7'
PYTHON_PLATFORM='darwin'
PYTHON_PREFIX='${prefix}'
PYTHON_SITE_PKG='/Users/JKeto/Documents/Development/fufuka/microblog/flask/venv/lib/python2.7/site-packages'
PYTHON_VERSION='2.7'
RANLIB='ranlib'
SED='/usr/bin/sed'
SET_MAKE=''
SHELL='/bin/sh'
SPARSEHASH_CFLAGS='-I/usr/local/Cellar/google-sparsehash/2.0.2/include  -DSPARSEHASH_PREFIX=sparsehash'
SPARSEHASH_LIBS=''
STRIP='strip'
VERSION='2.2.44'
ac_ct_AR='ar'
ac_ct_CC='gcc'
ac_ct_CXX='g++'
ac_ct_DUMPBIN=''
am__EXEEXT_FALSE=''
am__EXEEXT_TRUE='#'
am__fastdepCC_FALSE='#'
am__fastdepCC_TRUE=''
am__fastdepCXX_FALSE='#'
am__fastdepCXX_TRUE=''
am__include='include'
am__isrc=''
am__leading_dot='.'
am__nodep='_no'
am__quote=''
am__tar='$${TAR-tar} chof - "$$tardir"'
am__untar='$${TAR-tar} xf -'
bindir='${exec_prefix}/bin'
build='x86_64-apple-darwin14.4.0'
build_alias=''
build_cpu='x86_64'
build_os='darwin14.4.0'
build_vendor='apple'
datadir='${datarootdir}'
datarootdir='${prefix}/share'
docdir='${datarootdir}/doc/${PACKAGE_TARNAME}'
dvidir='${docdir}'
exec_prefix='${prefix}'
host='x86_64-apple-darwin14.4.0'
host_alias=''
host_cpu='x86_64'
host_os='darwin14.4.0'
host_vendor='apple'
htmldir='${docdir}'
includedir='${prefix}/include'
infodir='${datarootdir}/info'
install_sh='${SHELL} /Users/JKeto/Documents/Development/fufuka/graph-tool/install-sh'
libdir='${exec_prefix}/lib'
libexecdir='${exec_prefix}/libexec'
localedir='${datarootdir}/locale'
localstatedir='${prefix}/var'
mandir='${datarootdir}/man'
mkdir_p='$(MKDIR_P)'
oldincludedir='/usr/include'
pdfdir='${docdir}'
pkgpyexecdir='${pyexecdir}/graph-tool'
pkgpythondir='${pythondir}/graph-tool'
prefix='/usr/local'
program_transform_name='s,x,x,'
psdir='${docdir}'
pyexecdir='${exec_prefix}/lib/python2.7/site-packages'
pythondir='${prefix}/lib/python2.7/site-packages'
sbindir='${exec_prefix}/sbin'
sharedstatedir='${prefix}/com'
sysconfdir='${prefix}/etc'
target='x86_64-apple-darwin14.4.0'
target_alias=''
target_cpu='x86_64'
target_os='darwin14.4.0'
target_vendor='apple'

## ----------- ##
## confdefs.h. ##
## ----------- ##

/* confdefs.h */
#define PACKAGE_NAME "graph-tool"
#define PACKAGE_TARNAME "graph-tool"
#define PACKAGE_VERSION "2.2.44"
#define PACKAGE_STRING "graph-tool 2.2.44"
#define PACKAGE_BUGREPORT "http://graph-tool.skewed.de/tickets"
#define PACKAGE_URL "http://graph-tool.skewed.de"
#define PACKAGE "graph-tool"
#define VERSION "2.2.44"
#define STDC_HEADERS 1
#define HAVE_SYS_TYPES_H 1
#define HAVE_SYS_STAT_H 1
#define HAVE_STDLIB_H 1
#define HAVE_STRING_H 1
#define HAVE_MEMORY_H 1
#define HAVE_STRINGS_H 1
#define HAVE_INTTYPES_H 1
#define HAVE_STDINT_H 1
#define HAVE_UNISTD_H 1
#define __EXTENSIONS__ 1
#define _ALL_SOURCE 1
#define _GNU_SOURCE 1
#define _POSIX_PTHREAD_SEMANTICS 1
#define _TANDEM_SOURCE 1
#define STDC_HEADERS 1
#define HAVE_DLFCN_H 1
#define LT_OBJDIR ".libs/"
#define HAVE_LIBM 1
#define HAVE_LIBBZ2 1
#define HAVE_LIBEXPAT 1
#define HAVE_PYTHON "2.7"
#define HAVE_BOOST /**/
#define HAVE_BOOST_PYTHON /**/
#define HAVE_BOOST_IOSTREAMS /**/
#define HAVE_BOOST_REGEX /**/
#define HAVE_BOOST_GRAPH /**/
#define HAVE_LIBCGAL 1
#define HAVE_SCIPY 1
#define HAVE_CAIROMM 1
#define HAVE_SPARSEHASH 1
#define SPARSEHASH_INCLUDE(f) <sparsehash/f>
#define INSTALL_PREFIX "/usr/local"
#define PYTHON_DIR "/Users/JKeto/Documents/Development/fufuka/microblog/flask/venv/lib/python2.7/site-packages"
#define CXXFLAGS "-Wall -Wextra -ftemplate-backtrace-limit=0  -DNDEBUG -std=gnu++11 -ftemplate-depth-250 -Wno-deprecated -Wno-unknown-pragmas -O3 -fvisibility=default -fvisibility-inlines-hidden -Wno-unknown-pragmas -I/usr/local/Cellar/google-sparsehash/2.0.2/include  -DSPARSEHASH_PREFIX=sparsehash"
#define CPPFLAGS " -I/System/Library/Frameworks/Python.framework/Versions/2.7/include/python2.7 -I/usr/local/include -I/Users/JKeto/Documents/Development/fufuka/microblog/flask/venv/lib/python2.7/site-packages/numpy/core/include -I/Users/JKeto/Documents/Development/fufuka/microblog/flask/venv/lib/python2.7/site-packages/scipy -I/usr/local/Cellar/google-sparsehash/2.0.2/include  -DSPARSEHASH_PREFIX=sparsehash"
#define LDFLAGS " -L/System/Library/Frameworks/Python.framework/Versions/2.7/lib -lpython2.7"
#define PACKAGE_DATA_DIR "/usr/local/share/graph-tool"
#define PACKAGE_DOC_DIR "${datarootdir}/doc/${PACKAGE_TARNAME}"
#define PACKAGE_SOURCE_DIR "/Users/JKeto/Documents/Development/fufuka/graph-tool"
#define AUTHOR "Tiago de Paula Peixoto <tiago@skewed.de>"
#define COPYRIGHT "Copyright (C) 2006-2014 Tiago de Paula Peixoto\nThis is free software; see the source for copying conditions.  There is NO\nwarranty; not even for MERCHANTABILITY or FITNESS FOR A PARTICULAR PURPOSE."
#define GIT_COMMIT "178add3a"
#define GIT_COMMIT_DATE "Thu Jul 2 01:44:54 2015 +0200"
#define GCC_VERSION (__GNUC__ * 10000 + __GNUC_MINOR__ * 100 + __GNUC_PATCHLEVEL__)

configure: exit 0
